-------- MAIN PART1 (0044555d)

004451e8 55              push ebp                             eax=00000000 ebx=0098a781 ecx=00000000 edx=00000000 esi=009803d8 edi=0099158c ebp=0012ff98 esp=0012ff58 *esp=[00445562 00427000] efl=00000246 [o0 d0 s0 z1 a0 p1 c0]
004451e9 8bec            mov ebp,esp                          eax=00000000 ebx=0098a781 ecx=00000000 edx=00000000 esi=009803d8 edi=0099158c ebp=0012ff98 esp=0012ff54 *esp=[0012ff98 00445562] efl=00000246 [o0 d0 s0 z1 a0 p1 c0]
004451eb 81c4fcfeffff    add esp,fffffefc                     eax=00000000 ebx=0098a781 ecx=00000000 edx=00000000 esi=009803d8 edi=0099158c ebp=0012ff54 esp=0012ff54 *esp=[0012ff98 00445562] efl=00000246 [o0 d0 s0 z1 a0 p1 c0]
004451f1 53              push ebx                             eax=00000000 ebx=0098a781 ecx=00000000 edx=00000000 esi=009803d8 edi=0099158c ebp=0012ff54 esp=0012fe50 *esp=[00000004 00428bca] efl=00000207 [o0 d0 s0 z0 a0 p1 c1]
004451f2 56              push esi                             eax=00000000 ebx=0098a781 ecx=00000000 edx=00000000 esi=009803d8 edi=0099158c ebp=0012ff54 esp=0012fe4c *esp=[0098a781 00000004] efl=00000207 [o0 d0 s0 z0 a0 p1 c1]
004451f3 57              push edi                             eax=00000000 ebx=0098a781 ecx=00000000 edx=00000000 esi=009803d8 edi=0099158c ebp=0012ff54 esp=0012fe48 *esp=[009803d8 0098a781] efl=00000207 [o0 d0 s0 z0 a0 p1 c1]
004451f4 33c0            xor eax,eax                          eax=00000000 ebx=0098a781 ecx=00000000 edx=00000000 esi=009803d8 edi=0099158c ebp=0012ff54 esp=0012fe44 *esp=[0099158c 009803d8] efl=00000207 [o0 d0 s0 z0 a0 p1 c1]
004451f6 8985fcfeffff    mov [ebp-00000104],eax               eax=00000000 ebx=0098a781 ecx=00000000 edx=00000000 esi=009803d8 edi=0099158c ebp=0012ff54 esp=0012fe44 *esp=[0099158c 009803d8] efl=00000246 [o0 d0 s0 z1 a0 p1 c0]
004451fc 33c0            xor eax,eax                          eax=00000000 ebx=0098a781 ecx=00000000 edx=00000000 esi=009803d8 edi=0099158c ebp=0012ff54 esp=0012fe44 *esp=[0099158c 009803d8] efl=00000246 [o0 d0 s0 z1 a0 p1 c0]
004451fe 55              push ebp                             eax=00000000 ebx=0098a781 ecx=00000000 edx=00000000 esi=009803d8 edi=0099158c ebp=0012ff54 esp=0012fe44 *esp=[0099158c 009803d8] efl=00000246 [o0 d0 s0 z1 a0 p1 c0]
004451ff 6863534400      push dword 00445363                  eax=00000000 ebx=0098a781 ecx=00000000 edx=00000000 esi=009803d8 edi=0099158c ebp=0012ff54 esp=0012fe40 *esp=[0012ff54 0099158c] efl=00000246 [o0 d0 s0 z1 a0 p1 c0]
00445204 64ff30          push dword [fs:eax]                  eax=00000000 ebx=0098a781 ecx=00000000 edx=00000000 esi=009803d8 edi=0099158c ebp=0012ff54 esp=0012fe3c *esp=[00445363 0012ff54] efl=00000246 [o0 d0 s0 z1 a0 p1 c0]
00445207 648920          mov [fs:eax],esp                     eax=00000000 ebx=0098a781 ecx=00000000 edx=00000000 esi=009803d8 edi=0099158c ebp=0012ff54 esp=0012fe38 *esp=[0012ff80 00445363] efl=00000246 [o0 d0 s0 z1 a0 p1 c0]
0044520a b201            mov dl,01                            eax=00000000 ebx=0098a781 ecx=00000000 edx=00000000 esi=009803d8 edi=0099158c ebp=0012ff54 esp=0012fe38 *esp=[0012ff80 00445363] efl=00000246 [o0 d0 s0 z1 a0 p1 c0]
0044520c a1b4d84300      mov eax,[0043d8b4]                   eax=00000000 ebx=0098a781 ecx=00000000 edx=00000001 esi=009803d8 edi=0099158c ebp=0012ff54 esp=0012fe38 *esp=[0012ff80 00445363] efl=00000246 [o0 d0 s0 z1 a0 p1 c0]
00445211 e8fa86ffff      call dword 0043d910                  eax=0043d900 ebx=0098a781 ecx=00000000 edx=00000001 esi=009803d8 edi=0099158c ebp=0012ff54 esp=0012fe38 *esp=[0012ff80 00445363] efl=00000246 [o0 d0 s0 z1 a0 p1 c0]
00445216 8bd8            mov ebx,eax                          eax=0099158c ebx=0098a781 ecx=00000000 edx=0043d900 esi=009803d8 edi=0099158c ebp=0012ff54 esp=0012fe38 *esp=[0012ff80 00445363] efl=00000202 [o0 d0 s0 z0 a0 p0 c0]
00445218 a138294500      mov eax,[00452938]                   eax=0099158c ebx=0099158c ecx=00000000 edx=0043d900 esi=009803d8 edi=0099158c ebp=0012ff54 esp=0012fe38 *esp=[0012ff80 00445363] efl=00000202 [o0 d0 s0 z0 a0 p0 c0]
0044521d 8b00            mov eax,[eax]                        eax=004544c4 ebx=0099158c ecx=00000000 edx=0043d900 esi=009803d8 edi=0099158c ebp=0012ff54 esp=0012fe38 *esp=[0012ff80 00445363] efl=00000202 [o0 d0 s0 z0 a0 p0 c0]
0044521f 894304          mov [ebx+04],eax                     eax=0041eada ebx=0099158c ecx=00000000 edx=0043d900 esi=009803d8 edi=0099158c ebp=0012ff54 esp=0012fe38 *esp=[0012ff80 00445363] efl=00000202 [o0 d0 s0 z0 a0 p0 c0]
00445222 33c0            xor eax,eax                          eax=0041eada ebx=0099158c ecx=00000000 edx=0043d900 esi=009803d8 edi=0099158c ebp=0012ff54 esp=0012fe38 *esp=[0012ff80 00445363] efl=00000202 [o0 d0 s0 z0 a0 p0 c0]
00445224 a370444500      mov [00454470],eax                   eax=00000000 ebx=0099158c ecx=00000000 edx=0043d900 esi=009803d8 edi=0099158c ebp=0012ff54 esp=0012fe38 *esp=[0012ff80 00445363] efl=00000246 [o0 d0 s0 z1 a0 p1 c0]
00445229 a1f8284500      mov eax,[004528f8]                   eax=00000000 ebx=0099158c ecx=00000000 edx=0043d900 esi=009803d8 edi=0099158c ebp=0012ff54 esp=0012fe38 *esp=[0012ff80 00445363] efl=00000246 [o0 d0 s0 z1 a0 p1 c0]
0044522e c600cb          mov byte [eax],cb                    eax=00452688 ebx=0099158c ecx=00000000 edx=0043d900 esi=009803d8 edi=0099158c ebp=0012ff54 esp=0012fe38 *esp=[0012ff80 00445363] efl=00000246 [o0 d0 s0 z1 a0 p1 c0]
00445231 a128294500      mov eax,[00452928]                   eax=00452688 ebx=0099158c ecx=00000000 edx=0043d900 esi=009803d8 edi=0099158c ebp=0012ff54 esp=0012fe38 *esp=[0012ff80 00445363] efl=00000246 [o0 d0 s0 z1 a0 p1 c0]
00445236 8b4004          mov eax,[eax+04]                     eax=00453a98 ebx=0099158c ecx=00000000 edx=0043d900 esi=009803d8 edi=0099158c ebp=0012ff54 esp=0012fe38 *esp=[0012ff80 00445363] efl=00000246 [o0 d0 s0 z1 a0 p1 c0]
00445239 50              push eax                             eax=75a64d54 ebx=0099158c ecx=00000000 edx=0043d900 esi=009803d8 edi=0099158c ebp=0012ff54 esp=0012fe38 *esp=[0012ff80 00445363] efl=00000246 [o0 d0 s0 z1 a0 p1 c0]
0044523a 53              push ebx                             eax=75a64d54 ebx=0099158c ecx=00000000 edx=0043d900 esi=009803d8 edi=0099158c ebp=0012ff54 esp=0012fe34 *esp=[75a64d54 0012ff80] efl=00000246 [o0 d0 s0 z1 a0 p1 c0]
0044523b e85887ffff      call dword 0043d998                  eax=75a64d54 ebx=0099158c ecx=00000000 edx=0043d900 esi=009803d8 edi=0099158c ebp=0012ff54 esp=0012fe30 *esp=[0099158c 75a64d54] efl=00000246 [o0 d0 s0 z1 a0 p1 c0]
00445240 8bf0            mov esi,eax                          eax=00000000 ebx=0099158c ecx=00000000 edx=00000004 esi=009803d8 edi=0099158c ebp=0012ff54 esp=0012fe38 *esp=[0012ff80 00445363] efl=00000246 [o0 d0 s0 z1 a0 p1 c0]
00445242 85f6            test esi,esi                         eax=00000000 ebx=0099158c ecx=00000000 edx=00000004 esi=00000000 edi=0099158c ebp=0012ff54 esp=0012fe38 *esp=[0012ff80 00445363] efl=00000246 [o0 d0 s0 z1 a0 p1 c0]
00445244 0f84c2000000    jz dword 0044530c                    eax=00000000 ebx=0099158c ecx=00000000 edx=00000004 esi=00000000 edi=0099158c ebp=0012ff54 esp=0012fe38 *esp=[0012ff80 00445363] efl=00000246 [o0 d0 s0 z1 a0 p1 c0]
0044530c 8bc3            mov eax,ebx                          eax=00000000 ebx=0099158c ecx=00000000 edx=00000004 esi=00000000 edi=0099158c ebp=0012ff54 esp=0012fe38 *esp=[0012ff80 00445363] efl=00000246 [o0 d0 s0 z1 a0 p1 c0]
0044530e e8dd48feff      call dword 00429bf0                  eax=0099158c ebx=0099158c ecx=00000000 edx=00000004 esi=00000000 edi=0099158c ebp=0012ff54 esp=0012fe38 *esp=[0012ff80 00445363] efl=00000246 [o0 d0 s0 z1 a0 p1 c0]
00445313 e8d4ecffff      call dword 00443fec                  eax=00000000 ebx=0099158c ecx=00000000 edx=0012fe38 esi=00000000 edi=0099158c ebp=0012ff54 esp=0012fe38 *esp=[0012ff80 00445363] efl=00000246 [o0 d0 s0 z1 a0 p1 c0]
00445318 8bd8            mov ebx,eax                          eax=00000001 ebx=0099158c ecx=00000000 edx=0012fe38 esi=00000000 edi=0099158c ebp=0012ff54 esp=0012fe38 *esp=[0012ff80 00445363] efl=00000246 [o0 d0 s0 z1 a0 p1 c0]
0044531a 881dd4254500    mov [dword 004525d4],bl              eax=00000001 ebx=00000001 ecx=00000000 edx=0012fe38 esi=00000000 edi=0099158c ebp=0012ff54 esp=0012fe38 *esp=[0012ff80 00445363] efl=00000246 [o0 d0 s0 z1 a0 p1 c0]
00445320 a14c294500      mov eax,[0045294c]                   eax=00000001 ebx=00000001 ecx=00000000 edx=0012fe38 esi=00000000 edi=0099158c ebp=0012ff54 esp=0012fe38 *esp=[0012ff80 00445363] efl=00000246 [o0 d0 s0 z1 a0 p1 c0]
00445325 8b00            mov eax,[eax]                        eax=004544c8 ebx=00000001 ecx=00000000 edx=0012fe38 esi=00000000 edi=0099158c ebp=0012ff54 esp=0012fe38 *esp=[0012ff80 00445363] efl=00000246 [o0 d0 s0 z1 a0 p1 c0]
00445327 83c02a          add eax,byte +2a                     eax=00405517 ebx=00000001 ecx=00000000 edx=0012fe38 esi=00000000 edi=0099158c ebp=0012ff54 esp=0012fe38 *esp=[0012ff80 00445363] efl=00000246 [o0 d0 s0 z1 a0 p1 c0]
0044532a baf0000000      mov edx,000000f0                     eax=00405541 ebx=00000001 ecx=00000000 edx=0012fe38 esi=00000000 edi=0099158c ebp=0012ff54 esp=0012fe38 *esp=[0012ff80 00445363] efl=00000206 [o0 d0 s0 z0 a0 p1 c0]
0044532f e8a839ffff      call dword 00438cdc                  eax=00405541 ebx=00000001 ecx=00000000 edx=000000f0 esi=00000000 edi=0099158c ebp=0012ff54 esp=0012fe38 *esp=[0012ff80 00445363] efl=00000206 [o0 d0 s0 z0 a0 p1 c0]
00445334 a1f8284500      mov eax,[004528f8]                   eax=00000000 ebx=00000001 ecx=00998e84 edx=00000000 esi=00000000 edi=0099158c ebp=0012ff54 esp=0012fe38 *esp=[0012ff80 00445363] efl=00000246 [o0 d0 s0 z1 a0 p1 c0]
00445339 c600cc          mov byte [eax],cc                    eax=00452688 ebx=00000001 ecx=00998e84 edx=00000000 esi=00000000 edi=0099158c ebp=0012ff54 esp=0012fe38 *esp=[0012ff80 00445363] efl=00000246 [o0 d0 s0 z1 a0 p1 c0]
0044533c 84db            test bl,bl                           eax=00452688 ebx=00000001 ecx=00998e84 edx=00000000 esi=00000000 edi=0099158c ebp=0012ff54 esp=0012fe38 *esp=[0012ff80 00445363] efl=00000246 [o0 d0 s0 z1 a0 p1 c0]
0044533e 740a            jz 0044534a                          eax=00452688 ebx=00000001 ecx=00998e84 edx=00000000 esi=00000000 edi=0099158c ebp=0012ff54 esp=0012fe38 *esp=[0012ff80 00445363] efl=00000202 [o0 d0 s0 z0 a0 p0 c0]
00445340 a1d8254500      mov eax,[004525d8]                   eax=00452688 ebx=00000001 ecx=00998e84 edx=00000000 esi=00000000 edi=0099158c ebp=0012ff54 esp=0012fe38 *esp=[0012ff80 00445363] efl=00000202 [o0 d0 s0 z0 a0 p0 c0]
00445345 e89ee8ffff      call dword 00443be8                  eax=00998dcc ebx=00000001 ecx=00998e84 edx=00000000 esi=00000000 edi=0099158c ebp=0012ff54 esp=0012fe38 *esp=[0012ff80 00445363] efl=00000202 [o0 d0 s0 z0 a0 p0 c0]
0044534a 33c0            xor eax,eax                          eax=00000000 ebx=00000001 ecx=00998e84 edx=00000000 esi=00000000 edi=0099158c ebp=0012ff54 esp=0012fe38 *esp=[0012ff80 00445363] efl=00000246 [o0 d0 s0 z1 a0 p1 c0]
0044534c 5a              pop edx                              eax=00000000 ebx=00000001 ecx=00998e84 edx=00000000 esi=00000000 edi=0099158c ebp=0012ff54 esp=0012fe38 *esp=[0012ff80 00445363] efl=00000246 [o0 d0 s0 z1 a0 p1 c0]
0044534d 59              pop ecx                              eax=00000000 ebx=00000001 ecx=00998e84 edx=0012ff80 esi=00000000 edi=0099158c ebp=0012ff54 esp=0012fe3c *esp=[00445363 0012ff54] efl=00000246 [o0 d0 s0 z1 a0 p1 c0]
0044534e 59              pop ecx                              eax=00000000 ebx=00000001 ecx=00445363 edx=0012ff80 esi=00000000 edi=0099158c ebp=0012ff54 esp=0012fe40 *esp=[0012ff54 0099158c] efl=00000246 [o0 d0 s0 z1 a0 p1 c0]
0044534f 648910          mov [fs:eax],edx                     eax=00000000 ebx=00000001 ecx=0012ff54 edx=0012ff80 esi=00000000 edi=0099158c ebp=0012ff54 esp=0012fe44 *esp=[0099158c 009803d8] efl=00000246 [o0 d0 s0 z1 a0 p1 c0]
00445352 686a534400      push dword 0044536a                  eax=00000000 ebx=00000001 ecx=0012ff54 edx=0012ff80 esi=00000000 edi=0099158c ebp=0012ff54 esp=0012fe44 *esp=[0099158c 009803d8] efl=00000246 [o0 d0 s0 z1 a0 p1 c0]
00445357 8d85fcfeffff    lea eax,[ebp-00000104]               eax=00000000 ebx=00000001 ecx=0012ff54 edx=0012ff80 esi=00000000 edi=0099158c ebp=0012ff54 esp=0012fe40 *esp=[0044536a 0099158c] efl=00000246 [o0 d0 s0 z1 a0 p1 c0]
0044535d e87253feff      call dword 0042a6d4                  eax=0012fe50 ebx=00000001 ecx=0012ff54 edx=0012ff80 esi=00000000 edi=0099158c ebp=0012ff54 esp=0012fe40 *esp=[0044536a 0099158c] efl=00000246 [o0 d0 s0 z1 a0 p1 c0]
00445362 c3              ret                                  eax=0012fe50 ebx=00000001 ecx=0012ff54 edx=00000000 esi=00000000 edi=0099158c ebp=0012ff54 esp=0012fe40 *esp=[0044536a 0099158c] efl=00000246 [o0 d0 s0 z1 a0 p1 c0]
0044536a 5f              pop edi                              eax=0012fe50 ebx=00000001 ecx=0012ff54 edx=00000000 esi=00000000 edi=0099158c ebp=0012ff54 esp=0012fe44 *esp=[0099158c 009803d8] efl=00000246 [o0 d0 s0 z1 a0 p1 c0]
0044536b 5e              pop esi                              eax=0012fe50 ebx=00000001 ecx=0012ff54 edx=00000000 esi=00000000 edi=0099158c ebp=0012ff54 esp=0012fe48 *esp=[009803d8 0098a781] efl=00000246 [o0 d0 s0 z1 a0 p1 c0]
0044536c 5b              pop ebx                              eax=0012fe50 ebx=00000001 ecx=0012ff54 edx=00000000 esi=009803d8 edi=0099158c ebp=0012ff54 esp=0012fe4c *esp=[0098a781 00000000] efl=00000246 [o0 d0 s0 z1 a0 p1 c0]
0044536d 8be5            mov esp,ebp                          eax=0012fe50 ebx=0098a781 ecx=0012ff54 edx=00000000 esi=009803d8 edi=0099158c ebp=0012ff54 esp=0012fe50 *esp=[00000000 00428bca] efl=00000246 [o0 d0 s0 z1 a0 p1 c0]
0044536f 5d              pop ebp                              eax=0012fe50 ebx=0098a781 ecx=0012ff54 edx=00000000 esi=009803d8 edi=0099158c ebp=0012ff54 esp=0012ff54 *esp=[0012ff98 00445562] efl=00000246 [o0 d0 s0 z1 a0 p1 c0]
00445370 c3              ret                                  eax=0012fe50 ebx=0098a781 ecx=0012ff54 edx=00000000 esi=009803d8 edi=0099158c ebp=0012ff98 esp=0012ff58 *esp=[00445562 00427000] efl=00000246 [o0 d0 s0 z1 a0 p1 c0]

-------- MAIN PART2

0044409c 53              push ebx                             eax=00000000 ebx=00445744 ecx=00000000 edx=0012ff80 esi=00940000 edi=00427000 ebp=0012ff98 esp=0012ff6c *esp=[004445d4 00444b88] efl=00000246 [o0 d0 s0 z1 a0 p1 c0]
0044409d 56              push esi                             eax=00000000 ebx=00445744 ecx=00000000 edx=0012ff80 esi=00940000 edi=00427000 ebp=0012ff98 esp=0012ff68 *esp=[00445744 004445d4] efl=00000246 [o0 d0 s0 z1 a0 p1 c0]
0044409e 57              push edi                             eax=00000000 ebx=00445744 ecx=00000000 edx=0012ff80 esi=00940000 edi=00427000 ebp=0012ff98 esp=0012ff64 *esp=[00940000 00445744] efl=00000246 [o0 d0 s0 z1 a0 p1 c0]
0044409f 55              push ebp                             eax=00000000 ebx=00445744 ecx=00000000 edx=0012ff80 esi=00940000 edi=00427000 ebp=0012ff98 esp=0012ff60 *esp=[00427000 00940000] efl=00000246 [o0 d0 s0 z1 a0 p1 c0]
004440a0 51              push ecx                             eax=00000000 ebx=00445744 ecx=00000000 edx=0012ff80 esi=00940000 edi=00427000 ebp=0012ff98 esp=0012ff5c *esp=[0012ff98 00427000] efl=00000246 [o0 d0 s0 z1 a0 p1 c0]
004440a1 a1f8284500      mov eax,[004528f8]                   eax=00000000 ebx=00445744 ecx=00000000 edx=0012ff80 esi=00940000 edi=00427000 ebp=0012ff98 esp=0012ff58 *esp=[00000000 0012ff98] efl=00000246 [o0 d0 s0 z1 a0 p1 c0]
004440a6 c600cd          mov byte [eax],cd                    eax=00452688 ebx=00445744 ecx=00000000 edx=0012ff80 esi=00940000 edi=00427000 ebp=0012ff98 esp=0012ff58 *esp=[00000000 0012ff98] efl=00000246 [o0 d0 s0 z1 a0 p1 c0]
004440a9 a14c294500      mov eax,[0045294c]                   eax=00452688 ebx=00445744 ecx=00000000 edx=0012ff80 esi=00940000 edi=00427000 ebp=0012ff98 esp=0012ff58 *esp=[00000000 0012ff98] efl=00000246 [o0 d0 s0 z1 a0 p1 c0]
004440ae 8b00            mov eax,[eax]                        eax=004544c8 ebx=00445744 ecx=00000000 edx=0012ff80 esi=00940000 edi=00427000 ebp=0012ff98 esp=0012ff58 *esp=[00000000 0012ff98] efl=00000246 [o0 d0 s0 z1 a0 p1 c0]
004440b0 83780800        cmp dword [eax+08],byte +00          eax=00405517 ebx=00445744 ecx=00000000 edx=0012ff80 esi=00940000 edi=00427000 ebp=0012ff98 esp=0012ff58 *esp=[00000000 0012ff98] efl=00000246 [o0 d0 s0 z1 a0 p1 c0]
004440b4 742a            jz 004440e0                          eax=00405517 ebx=00445744 ecx=00000000 edx=0012ff80 esi=00940000 edi=00427000 ebp=0012ff98 esp=0012ff58 *esp=[00000000 0012ff98] efl=00000246 [o0 d0 s0 z1 a0 p1 c0]
004440e0 a14c294500      mov eax,[0045294c]                   eax=00405517 ebx=00445744 ecx=00000000 edx=0012ff80 esi=00940000 edi=00427000 ebp=0012ff98 esp=0012ff58 *esp=[00000000 0012ff98] efl=00000246 [o0 d0 s0 z1 a0 p1 c0]
004440e5 8b00            mov eax,[eax]                        eax=004544c8 ebx=00445744 ecx=00000000 edx=0012ff80 esi=00940000 edi=00427000 ebp=0012ff98 esp=0012ff58 *esp=[00000000 0012ff98] efl=00000246 [o0 d0 s0 z1 a0 p1 c0]
004440e7 8d702a          lea esi,[eax+2a]                     eax=00405517 ebx=00445744 ecx=00000000 edx=0012ff80 esi=00940000 edi=00427000 ebp=0012ff98 esp=0012ff58 *esp=[00000000 0012ff98] efl=00000246 [o0 d0 s0 z1 a0 p1 c0]
004440ea b201            mov dl,01                            eax=00405517 ebx=00445744 ecx=00000000 edx=0012ff80 esi=00405541 edi=00427000 ebp=0012ff98 esp=0012ff58 *esp=[00000000 0012ff98] efl=00000246 [o0 d0 s0 z1 a0 p1 c0]
004440ec a1e03a4300      mov eax,[00433ae0]                   eax=00405517 ebx=00445744 ecx=00000000 edx=0012ff01 esi=00405541 edi=00427000 ebp=0012ff98 esp=0012ff58 *esp=[00000000 0012ff98] efl=00000246 [o0 d0 s0 z1 a0 p1 c0]
004440f1 e8ca5afeff      call dword 00429bc0                  eax=00433b2c ebx=00445744 ecx=00000000 edx=0012ff01 esi=00405541 edi=00427000 ebp=0012ff98 esp=0012ff58 *esp=[00000000 0012ff98] efl=00000246 [o0 d0 s0 z1 a0 p1 c0]
004440f6 8bd8            mov ebx,eax                          eax=00998e84 ebx=00445744 ecx=00000000 edx=00433b2c esi=00405541 edi=00427000 ebp=0012ff98 esp=0012ff58 *esp=[00000000 0012ff98] efl=00000212 [o0 d0 s0 z0 a1 p0 c0]
004440f8 a1f8284500      mov eax,[004528f8]                   eax=00998e84 ebx=00998e84 ecx=00000000 edx=00433b2c esi=00405541 edi=00427000 ebp=0012ff98 esp=0012ff58 *esp=[00000000 0012ff98] efl=00000212 [o0 d0 s0 z0 a1 p0 c0]
004440fd c600ce          mov byte [eax],ce                    eax=00452688 ebx=00998e84 ecx=00000000 edx=00433b2c esi=00405541 edi=00427000 ebp=0012ff98 esp=0012ff58 *esp=[00000000 0012ff98] efl=00000212 [o0 d0 s0 z0 a1 p0 c0]
00444100 eb70            jmp short 00444172                   eax=00452688 ebx=00998e84 ecx=00000000 edx=00433b2c esi=00405541 edi=00427000 ebp=0012ff98 esp=0012ff58 *esp=[00000000 0012ff98] efl=00000212 [o0 d0 s0 z0 a1 p0 c0]
00444172 837e0400        cmp dword [esi+04],byte +00          eax=00452688 ebx=00998e84 ecx=00000000 edx=00433b2c esi=00405541 edi=00427000 ebp=0012ff98 esp=0012ff58 *esp=[00000000 0012ff98] efl=00000212 [o0 d0 s0 z0 a1 p0 c0]
00444176 778a            ja 00444102                          eax=00452688 ebx=00998e84 ecx=00000000 edx=00433b2c esi=00405541 edi=00427000 ebp=0012ff98 esp=0012ff58 *esp=[00000000 0012ff98] efl=00000216 [o0 d0 s0 z0 a1 p1 c0]
00444102 8b7e08          mov edi,[esi+08]                     eax=00452688 ebx=00998e84 ecx=00000000 edx=00433b2c esi=00405541 edi=00427000 ebp=0012ff98 esp=0012ff58 *esp=[00000000 0012ff98] efl=00000216 [o0 d0 s0 z0 a1 p1 c0]
00444105 a14c294500      mov eax,[0045294c]                   eax=00452688 ebx=00998e84 ecx=00000000 edx=00433b2c esi=00405541 edi=000002df ebp=0012ff98 esp=0012ff58 *esp=[00000000 0012ff98] efl=00000216 [o0 d0 s0 z0 a1 p1 c0]
0044410a 8b00            mov eax,[eax]                        eax=004544c8 ebx=00998e84 ecx=00000000 edx=00433b2c esi=00405541 edi=000002df ebp=0012ff98 esp=0012ff58 *esp=[00000000 0012ff98] efl=00000216 [o0 d0 s0 z0 a1 p1 c0]
0044410c 8b00            mov eax,[eax]                        eax=00405517 ebx=00998e84 ecx=00000000 edx=00433b2c esi=00405541 edi=000002df ebp=0012ff98 esp=0012ff58 *esp=[00000000 0012ff98] efl=00000216 [o0 d0 s0 z0 a1 p1 c0]
0044410e 0306            add eax,[esi]                        eax=00400000 ebx=00998e84 ecx=00000000 edx=00433b2c esi=00405541 edi=000002df ebp=0012ff98 esp=0012ff58 *esp=[00000000 0012ff98] efl=00000216 [o0 d0 s0 z0 a1 p1 c0]
00444110 890424          mov [esp],eax                        eax=00401000 ebx=00998e84 ecx=00000000 edx=00433b2c esi=00405541 edi=000002df ebp=0012ff98 esp=0012ff58 *esp=[00000000 0012ff98] efl=00000216 [o0 d0 s0 z0 a1 p1 c0]
00444113 8bd7            mov edx,edi                          eax=00401000 ebx=00998e84 ecx=00000000 edx=00433b2c esi=00405541 edi=000002df ebp=0012ff98 esp=0012ff58 *esp=[00401000 0012ff98] efl=00000216 [o0 d0 s0 z0 a1 p1 c0]
00444115 8b0da4284500    mov ecx,[dword 004528a4]             eax=00401000 ebx=00998e84 ecx=00000000 edx=000002df esi=00405541 edi=000002df ebp=0012ff98 esp=0012ff58 *esp=[00401000 0012ff98] efl=00000216 [o0 d0 s0 z0 a1 p1 c0]
0044411b 8811            mov [ecx],dl                         eax=00401000 ebx=00998e84 ecx=0045268c edx=000002df esi=00405541 edi=000002df ebp=0012ff98 esp=0012ff58 *esp=[00401000 0012ff98] efl=00000216 [o0 d0 s0 z0 a1 p1 c0]
0044411d 8b15bc284500    mov edx,[dword 004528bc]             eax=00401000 ebx=00998e84 ecx=0045268c edx=000002df esi=00405541 edi=000002df ebp=0012ff98 esp=0012ff58 *esp=[00401000 0012ff98] efl=00000216 [o0 d0 s0 z0 a1 p1 c0]
00444123 8802            mov [edx],al                         eax=00401000 ebx=00998e84 ecx=0045268c edx=00452690 esi=00405541 edi=000002df ebp=0012ff98 esp=0012ff58 *esp=[00401000 0012ff98] efl=00000216 [o0 d0 s0 z0 a1 p1 c0]
00444125 8bc3            mov eax,ebx                          eax=00401000 ebx=00998e84 ecx=0045268c edx=00452690 esi=00405541 edi=000002df ebp=0012ff98 esp=0012ff58 *esp=[00401000 0012ff98] efl=00000216 [o0 d0 s0 z0 a1 p1 c0]
00444127 8b10            mov edx,[eax]                        eax=00998e84 ebx=00998e84 ecx=0045268c edx=00452690 esi=00405541 edi=000002df ebp=0012ff98 esp=0012ff58 *esp=[00401000 0012ff98] efl=00000216 [o0 d0 s0 z0 a1 p1 c0]
00444129 ff12            call dword [edx]                     eax=00998e84 ebx=00998e84 ecx=0045268c edx=00433b2c esi=00405541 edi=000002df ebp=0012ff98 esp=0012ff58 *esp=[00401000 0012ff98] efl=00000216 [o0 d0 s0 z0 a1 p1 c0]
0044412b 8b1424          mov edx,[esp]                        eax=00000000 ebx=00998e84 ecx=00000000 edx=00000040 esi=00405541 edi=000002df ebp=0012ff98 esp=0012ff58 *esp=[00401000 0012ff98] efl=00000246 [o0 d0 s0 z1 a0 p1 c0]
0044412e b908000000      mov ecx,00000008                     eax=00000000 ebx=00998e84 ecx=00000000 edx=00401000 esi=00405541 edi=000002df ebp=0012ff98 esp=0012ff58 *esp=[00401000 0012ff98] efl=00000246 [o0 d0 s0 z1 a0 p1 c0]
00444133 8bc3            mov eax,ebx                          eax=00000000 ebx=00998e84 ecx=00000008 edx=00401000 esi=00405541 edi=000002df ebp=0012ff98 esp=0012ff58 *esp=[00401000 0012ff98] efl=00000246 [o0 d0 s0 z1 a0 p1 c0]
00444135 8b28            mov ebp,[eax]                        eax=00998e84 ebx=00998e84 ecx=00000008 edx=00401000 esi=00405541 edi=000002df ebp=0012ff98 esp=0012ff58 *esp=[00401000 0012ff98] efl=00000246 [o0 d0 s0 z1 a0 p1 c0]
00444137 ff5504          call dword [ebp+04]                  eax=00998e84 ebx=00998e84 ecx=00000008 edx=00401000 esi=00405541 edi=000002df ebp=00433b2c esp=0012ff58 *esp=[00401000 0012ff98] efl=00000246 [o0 d0 s0 z1 a0 p1 c0]
0044413a 8bc3            mov eax,ebx                          eax=00000008 ebx=00998e84 ecx=00000000 edx=00401000 esi=00405541 edi=000002df ebp=00433b2c esp=0012ff58 *esp=[00401000 0012ff98] efl=00000206 [o0 d0 s0 z0 a0 p1 c0]
0044413c 8b10            mov edx,[eax]                        eax=00998e84 ebx=00998e84 ecx=00000000 edx=00401000 esi=00405541 edi=000002df ebp=00433b2c esp=0012ff58 *esp=[00401000 0012ff98] efl=00000206 [o0 d0 s0 z0 a0 p1 c0]
0044413e ff5208          call dword [edx+08]                  eax=00998e84 ebx=00998e84 ecx=00000000 edx=00433b2c esi=00405541 edi=000002df ebp=00433b2c esp=0012ff58 *esp=[00401000 0012ff98] efl=00000206 [o0 d0 s0 z0 a0 p1 c0]
00444141 8b03            mov eax,[ebx]                        eax=00000000 ebx=00998e84 ecx=00000000 edx=00000040 esi=00405541 edi=000002df ebp=00433b2c esp=0012ff58 *esp=[00401000 0012ff98] efl=00000206 [o0 d0 s0 z0 a0 p1 c0]
00444143 ff5010          call dword [eax+10]                  eax=00433b2c ebx=00998e84 ecx=00000000 edx=00000040 esi=00405541 edi=000002df ebp=00433b2c esp=0012ff58 *esp=[00401000 0012ff98] efl=00000206 [o0 d0 s0 z0 a0 p1 c0]
00444146 50              push eax                             eax=00000010 ebx=00998e84 ecx=00000000 edx=00000040 esi=00405541 edi=000002df ebp=00433b2c esp=0012ff58 *esp=[00401000 0012ff98] efl=00000206 [o0 d0 s0 z0 a0 p1 c0]
00444147 8bc3            mov eax,ebx                          eax=00000010 ebx=00998e84 ecx=00000000 edx=00000040 esi=00405541 edi=000002df ebp=00433b2c esp=0012ff54 *esp=[00000010 00401000] efl=00000206 [o0 d0 s0 z0 a0 p1 c0]
00444149 8b10            mov edx,[eax]                        eax=00998e84 ebx=00998e84 ecx=00000000 edx=00000040 esi=00405541 edi=000002df ebp=00433b2c esp=0012ff54 *esp=[00000010 00401000] efl=00000206 [o0 d0 s0 z0 a0 p1 c0]
0044414b ff520c          call dword [edx+0c]                  eax=00998e84 ebx=00998e84 ecx=00000000 edx=00433b2c esi=00405541 edi=000002df ebp=00433b2c esp=0012ff54 *esp=[00000010 00401000] efl=00000206 [o0 d0 s0 z0 a0 p1 c0]
0044414e 8bc8            mov ecx,eax                          eax=00998ecc ebx=00998e84 ecx=00000000 edx=00433b2c esi=00405541 edi=000002df ebp=00433b2c esp=0012ff54 *esp=[00000010 00401000] efl=00000206 [o0 d0 s0 z0 a0 p1 c0]
00444150 8bd7            mov edx,edi                          eax=00998ecc ebx=00998e84 ecx=00998ecc edx=00433b2c esi=00405541 edi=000002df ebp=00433b2c esp=0012ff54 *esp=[00000010 00401000] efl=00000206 [o0 d0 s0 z0 a0 p1 c0]
00444152 83ea08          sub edx,byte +08                     eax=00998ecc ebx=00998e84 ecx=00998ecc edx=000002df esi=00405541 edi=000002df ebp=00433b2c esp=0012ff54 *esp=[00000010 00401000] efl=00000206 [o0 d0 s0 z0 a0 p1 c0]
00444155 8b6c2404        mov ebp,[esp+04]                     eax=00998ecc ebx=00998e84 ecx=00998ecc edx=000002d7 esi=00405541 edi=000002df ebp=00433b2c esp=0012ff54 *esp=[00000010 00401000] efl=00000206 [o0 d0 s0 z0 a0 p1 c0]
00444159 83c508          add ebp,byte +08                     eax=00998ecc ebx=00998e84 ecx=00998ecc edx=000002d7 esi=00405541 edi=000002df ebp=00401000 esp=0012ff54 *esp=[00000010 00401000] efl=00000206 [o0 d0 s0 z0 a0 p1 c0]
0044415c 8bc5            mov eax,ebp                          eax=00998ecc ebx=00998e84 ecx=00998ecc edx=000002d7 esi=00405541 edi=000002df ebp=00401008 esp=0012ff54 *esp=[00000010 00401000] efl=00000202 [o0 d0 s0 z0 a0 p0 c0]
0044415e e8e1cbfeff      call dword 00430d44                  eax=00401008 ebx=00998e84 ecx=00998ecc edx=000002d7 esi=00405541 edi=000002df ebp=00401008 esp=0012ff54 *esp=[00000010 00401000] efl=00000202 [o0 d0 s0 z0 a0 p0 c0]
00444163 83ff0c          cmp edi,byte +0c                     eax=ffffffff ebx=00998e84 ecx=00000000 edx=00000200 esi=00405541 edi=000002df ebp=00401008 esp=0012ff58 *esp=[00401000 0012ff98] efl=00000246 [o0 d0 s0 z1 a0 p1 c0]
00444166 7207            jc 0044416f                          eax=ffffffff ebx=00998e84 ecx=00000000 edx=00000200 esi=00405541 edi=000002df ebp=00401008 esp=0012ff58 *esp=[00401000 0012ff98] efl=00000202 [o0 d0 s0 z0 a0 p0 c0]
00444168 81750072f3a531  xor dword [ebp+00],31a5f372          eax=ffffffff ebx=00998e84 ecx=00000000 edx=00000200 esi=00405541 edi=000002df ebp=00401008 esp=0012ff58 *esp=[00401000 0012ff98] efl=00000202 [o0 d0 s0 z0 a0 p0 c0]
0044416f 83c60c          add esi,byte +0c                     eax=ffffffff ebx=00998e84 ecx=00000000 edx=00000200 esi=00405541 edi=000002df ebp=00401008 esp=0012ff58 *esp=[00401000 0012ff98] efl=00000286 [o0 d0 s1 z0 a0 p1 c0]
00444172 837e0400        cmp dword [esi+04],byte +00          eax=ffffffff ebx=00998e84 ecx=00000000 edx=00000200 esi=0040554d edi=000002df ebp=00401008 esp=0012ff58 *esp=[00401000 0012ff98] efl=00000206 [o0 d0 s0 z0 a0 p1 c0]
00444176 778a            ja 00444102                          eax=ffffffff ebx=00998e84 ecx=00000000 edx=00000200 esi=0040554d edi=000002df ebp=00401008 esp=0012ff58 *esp=[00401000 0012ff98] efl=00000206 [o0 d0 s0 z0 a0 p1 c0]
00444102 8b7e08          mov edi,[esi+08]                     eax=ffffffff ebx=00998e84 ecx=00000000 edx=00000200 esi=0040554d edi=000002df ebp=00401008 esp=0012ff58 *esp=[00401000 0012ff98] efl=00000206 [o0 d0 s0 z0 a0 p1 c0]
00444105 a14c294500      mov eax,[0045294c]                   eax=ffffffff ebx=00998e84 ecx=00000000 edx=00000200 esi=0040554d edi=000000d6 ebp=00401008 esp=0012ff58 *esp=[00401000 0012ff98] efl=00000206 [o0 d0 s0 z0 a0 p1 c0]
0044410a 8b00            mov eax,[eax]                        eax=004544c8 ebx=00998e84 ecx=00000000 edx=00000200 esi=0040554d edi=000000d6 ebp=00401008 esp=0012ff58 *esp=[00401000 0012ff98] efl=00000206 [o0 d0 s0 z0 a0 p1 c0]
0044410c 8b00            mov eax,[eax]                        eax=00405517 ebx=00998e84 ecx=00000000 edx=00000200 esi=0040554d edi=000000d6 ebp=00401008 esp=0012ff58 *esp=[00401000 0012ff98] efl=00000206 [o0 d0 s0 z0 a0 p1 c0]
0044410e 0306            add eax,[esi]                        eax=00400000 ebx=00998e84 ecx=00000000 edx=00000200 esi=0040554d edi=000000d6 ebp=00401008 esp=0012ff58 *esp=[00401000 0012ff98] efl=00000206 [o0 d0 s0 z0 a0 p1 c0]
00444110 890424          mov [esp],eax                        eax=00403000 ebx=00998e84 ecx=00000000 edx=00000200 esi=0040554d edi=000000d6 ebp=00401008 esp=0012ff58 *esp=[00401000 0012ff98] efl=00000206 [o0 d0 s0 z0 a0 p1 c0]
00444113 8bd7            mov edx,edi                          eax=00403000 ebx=00998e84 ecx=00000000 edx=00000200 esi=0040554d edi=000000d6 ebp=00401008 esp=0012ff58 *esp=[00403000 0012ff98] efl=00000206 [o0 d0 s0 z0 a0 p1 c0]
00444115 8b0da4284500    mov ecx,[dword 004528a4]             eax=00403000 ebx=00998e84 ecx=00000000 edx=000000d6 esi=0040554d edi=000000d6 ebp=00401008 esp=0012ff58 *esp=[00403000 0012ff98] efl=00000206 [o0 d0 s0 z0 a0 p1 c0]
0044411b 8811            mov [ecx],dl                         eax=00403000 ebx=00998e84 ecx=0045268c edx=000000d6 esi=0040554d edi=000000d6 ebp=00401008 esp=0012ff58 *esp=[00403000 0012ff98] efl=00000206 [o0 d0 s0 z0 a0 p1 c0]
0044411d 8b15bc284500    mov edx,[dword 004528bc]             eax=00403000 ebx=00998e84 ecx=0045268c edx=000000d6 esi=0040554d edi=000000d6 ebp=00401008 esp=0012ff58 *esp=[00403000 0012ff98] efl=00000206 [o0 d0 s0 z0 a0 p1 c0]
00444123 8802            mov [edx],al                         eax=00403000 ebx=00998e84 ecx=0045268c edx=00452690 esi=0040554d edi=000000d6 ebp=00401008 esp=0012ff58 *esp=[00403000 0012ff98] efl=00000206 [o0 d0 s0 z0 a0 p1 c0]
00444125 8bc3            mov eax,ebx                          eax=00403000 ebx=00998e84 ecx=0045268c edx=00452690 esi=0040554d edi=000000d6 ebp=00401008 esp=0012ff58 *esp=[00403000 0012ff98] efl=00000206 [o0 d0 s0 z0 a0 p1 c0]
00444127 8b10            mov edx,[eax]                        eax=00998e84 ebx=00998e84 ecx=0045268c edx=00452690 esi=0040554d edi=000000d6 ebp=00401008 esp=0012ff58 *esp=[00403000 0012ff98] efl=00000206 [o0 d0 s0 z0 a0 p1 c0]
00444129 ff12            call dword [edx]                     eax=00998e84 ebx=00998e84 ecx=0045268c edx=00433b2c esi=0040554d edi=000000d6 ebp=00401008 esp=0012ff58 *esp=[00403000 0012ff98] efl=00000206 [o0 d0 s0 z0 a0 p1 c0]
0044412b 8b1424          mov edx,[esp]                        eax=00000000 ebx=00998e84 ecx=00000000 edx=00000040 esi=0040554d edi=000000d6 ebp=00401008 esp=0012ff58 *esp=[00403000 0012ff98] efl=00000246 [o0 d0 s0 z1 a0 p1 c0]
0044412e b908000000      mov ecx,00000008                     eax=00000000 ebx=00998e84 ecx=00000000 edx=00403000 esi=0040554d edi=000000d6 ebp=00401008 esp=0012ff58 *esp=[00403000 0012ff98] efl=00000246 [o0 d0 s0 z1 a0 p1 c0]
00444133 8bc3            mov eax,ebx                          eax=00000000 ebx=00998e84 ecx=00000008 edx=00403000 esi=0040554d edi=000000d6 ebp=00401008 esp=0012ff58 *esp=[00403000 0012ff98] efl=00000246 [o0 d0 s0 z1 a0 p1 c0]
00444135 8b28            mov ebp,[eax]                        eax=00998e84 ebx=00998e84 ecx=00000008 edx=00403000 esi=0040554d edi=000000d6 ebp=00401008 esp=0012ff58 *esp=[00403000 0012ff98] efl=00000246 [o0 d0 s0 z1 a0 p1 c0]
00444137 ff5504          call dword [ebp+04]                  eax=00998e84 ebx=00998e84 ecx=00000008 edx=00403000 esi=0040554d edi=000000d6 ebp=00433b2c esp=0012ff58 *esp=[00403000 0012ff98] efl=00000246 [o0 d0 s0 z1 a0 p1 c0]
0044413a 8bc3            mov eax,ebx                          eax=00000008 ebx=00998e84 ecx=00000000 edx=00403000 esi=0040554d edi=000000d6 ebp=00433b2c esp=0012ff58 *esp=[00403000 0012ff98] efl=00000206 [o0 d0 s0 z0 a0 p1 c0]
0044413c 8b10            mov edx,[eax]                        eax=00998e84 ebx=00998e84 ecx=00000000 edx=00403000 esi=0040554d edi=000000d6 ebp=00433b2c esp=0012ff58 *esp=[00403000 0012ff98] efl=00000206 [o0 d0 s0 z0 a0 p1 c0]
0044413e ff5208          call dword [edx+08]                  eax=00998e84 ebx=00998e84 ecx=00000000 edx=00433b2c esi=0040554d edi=000000d6 ebp=00433b2c esp=0012ff58 *esp=[00403000 0012ff98] efl=00000206 [o0 d0 s0 z0 a0 p1 c0]
00444141 8b03            mov eax,[ebx]                        eax=00000000 ebx=00998e84 ecx=00000000 edx=00000040 esi=0040554d edi=000000d6 ebp=00433b2c esp=0012ff58 *esp=[00403000 0012ff98] efl=00000206 [o0 d0 s0 z0 a0 p1 c0]
00444143 ff5010          call dword [eax+10]                  eax=00433b2c ebx=00998e84 ecx=00000000 edx=00000040 esi=0040554d edi=000000d6 ebp=00433b2c esp=0012ff58 *esp=[00403000 0012ff98] efl=00000206 [o0 d0 s0 z0 a0 p1 c0]
00444146 50              push eax                             eax=00000010 ebx=00998e84 ecx=00000000 edx=00000040 esi=0040554d edi=000000d6 ebp=00433b2c esp=0012ff58 *esp=[00403000 0012ff98] efl=00000206 [o0 d0 s0 z0 a0 p1 c0]
00444147 8bc3            mov eax,ebx                          eax=00000010 ebx=00998e84 ecx=00000000 edx=00000040 esi=0040554d edi=000000d6 ebp=00433b2c esp=0012ff54 *esp=[00000010 00403000] efl=00000206 [o0 d0 s0 z0 a0 p1 c0]
00444149 8b10            mov edx,[eax]                        eax=00998e84 ebx=00998e84 ecx=00000000 edx=00000040 esi=0040554d edi=000000d6 ebp=00433b2c esp=0012ff54 *esp=[00000010 00403000] efl=00000206 [o0 d0 s0 z0 a0 p1 c0]
0044414b ff520c          call dword [edx+0c]                  eax=00998e84 ebx=00998e84 ecx=00000000 edx=00433b2c esi=0040554d edi=000000d6 ebp=00433b2c esp=0012ff54 *esp=[00000010 00403000] efl=00000206 [o0 d0 s0 z0 a0 p1 c0]
0044414e 8bc8            mov ecx,eax                          eax=00998ecc ebx=00998e84 ecx=00000000 edx=00433b2c esi=0040554d edi=000000d6 ebp=00433b2c esp=0012ff54 *esp=[00000010 00403000] efl=00000206 [o0 d0 s0 z0 a0 p1 c0]
00444150 8bd7            mov edx,edi                          eax=00998ecc ebx=00998e84 ecx=00998ecc edx=00433b2c esi=0040554d edi=000000d6 ebp=00433b2c esp=0012ff54 *esp=[00000010 00403000] efl=00000206 [o0 d0 s0 z0 a0 p1 c0]
00444152 83ea08          sub edx,byte +08                     eax=00998ecc ebx=00998e84 ecx=00998ecc edx=000000d6 esi=0040554d edi=000000d6 ebp=00433b2c esp=0012ff54 *esp=[00000010 00403000] efl=00000206 [o0 d0 s0 z0 a0 p1 c0]
00444155 8b6c2404        mov ebp,[esp+04]                     eax=00998ecc ebx=00998e84 ecx=00998ecc edx=000000ce esi=0040554d edi=000000d6 ebp=00433b2c esp=0012ff54 *esp=[00000010 00403000] efl=00000202 [o0 d0 s0 z0 a0 p0 c0]
00444159 83c508          add ebp,byte +08                     eax=00998ecc ebx=00998e84 ecx=00998ecc edx=000000ce esi=0040554d edi=000000d6 ebp=00403000 esp=0012ff54 *esp=[00000010 00403000] efl=00000202 [o0 d0 s0 z0 a0 p0 c0]
0044415c 8bc5            mov eax,ebp                          eax=00998ecc ebx=00998e84 ecx=00998ecc edx=000000ce esi=0040554d edi=000000d6 ebp=00403008 esp=0012ff54 *esp=[00000010 00403000] efl=00000202 [o0 d0 s0 z0 a0 p0 c0]
0044415e e8e1cbfeff      call dword 00430d44                  eax=00403008 ebx=00998e84 ecx=00998ecc edx=000000ce esi=0040554d edi=000000d6 ebp=00403008 esp=0012ff54 *esp=[00000010 00403000] efl=00000202 [o0 d0 s0 z0 a0 p0 c0]
00444163 83ff0c          cmp edi,byte +0c                     eax=ffffffff ebx=00998e84 ecx=00000000 edx=00000200 esi=0040554d edi=000000d6 ebp=00403008 esp=0012ff58 *esp=[00403000 0012ff98] efl=00000246 [o0 d0 s0 z1 a0 p1 c0]
00444166 7207            jc 0044416f                          eax=ffffffff ebx=00998e84 ecx=00000000 edx=00000200 esi=0040554d edi=000000d6 ebp=00403008 esp=0012ff58 *esp=[00403000 0012ff98] efl=00000206 [o0 d0 s0 z0 a0 p1 c0]
00444168 81750072f3a531  xor dword [ebp+00],31a5f372          eax=ffffffff ebx=00998e84 ecx=00000000 edx=00000200 esi=0040554d edi=000000d6 ebp=00403008 esp=0012ff58 *esp=[00403000 0012ff98] efl=00000206 [o0 d0 s0 z0 a0 p1 c0]
0044416f 83c60c          add esi,byte +0c                     eax=ffffffff ebx=00998e84 ecx=00000000 edx=00000200 esi=0040554d edi=000000d6 ebp=00403008 esp=0012ff58 *esp=[00403000 0012ff98] efl=00000282 [o0 d0 s1 z0 a0 p0 c0]
00444172 837e0400        cmp dword [esi+04],byte +00          eax=ffffffff ebx=00998e84 ecx=00000000 edx=00000200 esi=00405559 edi=000000d6 ebp=00403008 esp=0012ff58 *esp=[00403000 0012ff98] efl=00000206 [o0 d0 s0 z0 a0 p1 c0]
00444176 778a            ja 00444102                          eax=ffffffff ebx=00998e84 ecx=00000000 edx=00000200 esi=00405559 edi=000000d6 ebp=00403008 esp=0012ff58 *esp=[00403000 0012ff98] efl=00000246 [o0 d0 s0 z1 a0 p1 c0]
00444178 8bc3            mov eax,ebx                          eax=ffffffff ebx=00998e84 ecx=00000000 edx=00000200 esi=00405559 edi=000000d6 ebp=00403008 esp=0012ff58 *esp=[00403000 0012ff98] efl=00000246 [o0 d0 s0 z1 a0 p1 c0]
0044417a e8715afeff      call dword 00429bf0                  eax=00998e84 ebx=00998e84 ecx=00000000 edx=00000200 esi=00405559 edi=000000d6 ebp=00403008 esp=0012ff58 *esp=[00403000 0012ff98] efl=00000246 [o0 d0 s0 z1 a0 p1 c0]
0044417f 5a              pop edx                              eax=00000000 ebx=00998e84 ecx=00000000 edx=00000000 esi=00405559 edi=000000d6 ebp=00403008 esp=0012ff58 *esp=[00403000 0012ff98] efl=00000246 [o0 d0 s0 z1 a0 p1 c0]
00444180 5d              pop ebp                              eax=00000000 ebx=00998e84 ecx=00000000 edx=00403000 esi=00405559 edi=000000d6 ebp=00403008 esp=0012ff5c *esp=[0012ff98 00427000] efl=00000246 [o0 d0 s0 z1 a0 p1 c0]
00444181 5f              pop edi                              eax=00000000 ebx=00998e84 ecx=00000000 edx=00403000 esi=00405559 edi=000000d6 ebp=0012ff98 esp=0012ff60 *esp=[00427000 00940000] efl=00000246 [o0 d0 s0 z1 a0 p1 c0]
00444182 5e              pop esi                              eax=00000000 ebx=00998e84 ecx=00000000 edx=00403000 esi=00405559 edi=00427000 ebp=0012ff98 esp=0012ff64 *esp=[00940000 00445744] efl=00000246 [o0 d0 s0 z1 a0 p1 c0]
00444183 5b              pop ebx                              eax=00000000 ebx=00998e84 ecx=00000000 edx=00403000 esi=00940000 edi=00427000 ebp=0012ff98 esp=0012ff68 *esp=[00445744 004445d4] efl=00000246 [o0 d0 s0 z1 a0 p1 c0]
00444184 c3              ret                                  eax=00000000 ebx=00445744 ecx=00000000 edx=00403000 esi=00940000 edi=00427000 ebp=0012ff98 esp=0012ff6c *esp=[004445d4 00444b88] efl=00000246 [o0 d0 s0 z1 a0 p1 c0]

-------- MAIN PART3 (00444619)

00444528 53              push ebx                             eax=00400000 ebx=00405541 ecx=00000000 edx=00403000 esi=00940000 edi=00427000 ebp=0012ff6c esp=0012ff48 *esp=[0044461e 00427000] efl=00000213 [o0 d0 s0 z0 a1 p0 c1]
00444529 56              push esi                             eax=00400000 ebx=00405541 ecx=00000000 edx=00403000 esi=00940000 edi=00427000 ebp=0012ff6c esp=0012ff44 *esp=[00405541 0044461e] efl=00000213 [o0 d0 s0 z0 a1 p0 c1]
0044452a 57              push edi                             eax=00400000 ebx=00405541 ecx=00000000 edx=00403000 esi=00940000 edi=00427000 ebp=0012ff6c esp=0012ff40 *esp=[00940000 00405541] efl=00000213 [o0 d0 s0 z0 a1 p0 c1]
0044452b 51              push ecx                             eax=00400000 ebx=00405541 ecx=00000000 edx=00403000 esi=00940000 edi=00427000 ebp=0012ff6c esp=0012ff3c *esp=[00427000 00940000] efl=00000213 [o0 d0 s0 z0 a1 p0 c1]
0044452c b201            mov dl,01                            eax=00400000 ebx=00405541 ecx=00000000 edx=00403000 esi=00940000 edi=00427000 ebp=0012ff6c esp=0012ff38 *esp=[00000000 00427000] efl=00000213 [o0 d0 s0 z0 a1 p0 c1]
0044452e a1b4d84300      mov eax,[0043d8b4]                   eax=00400000 ebx=00405541 ecx=00000000 edx=00403001 esi=00940000 edi=00427000 ebp=0012ff6c esp=0012ff38 *esp=[00000000 00427000] efl=00000213 [o0 d0 s0 z0 a1 p0 c1]
00444533 e8d893ffff      call dword 0043d910                  eax=0043d900 ebx=00405541 ecx=00000000 edx=00403001 esi=00940000 edi=00427000 ebp=0012ff6c esp=0012ff38 *esp=[00000000 00427000] efl=00000213 [o0 d0 s0 z0 a1 p0 c1]
00444538 8bd8            mov ebx,eax                          eax=009803d8 ebx=00405541 ecx=00000000 edx=0043d900 esi=00940000 edi=00427000 ebp=0012ff6c esp=0012ff38 *esp=[00000000 00427000] efl=00000202 [o0 d0 s0 z0 a0 p0 c0]
0044453a a138294500      mov eax,[00452938]                   eax=009803d8 ebx=009803d8 ecx=00000000 edx=0043d900 esi=00940000 edi=00427000 ebp=0012ff6c esp=0012ff38 *esp=[00000000 00427000] efl=00000202 [o0 d0 s0 z0 a0 p0 c0]
0044453f 8b00            mov eax,[eax]                        eax=004544c4 ebx=009803d8 ecx=00000000 edx=0043d900 esi=00940000 edi=00427000 ebp=0012ff6c esp=0012ff38 *esp=[00000000 00427000] efl=00000202 [o0 d0 s0 z0 a0 p0 c0]
00444541 894304          mov [ebx+04],eax                     eax=0041eada ebx=009803d8 ecx=00000000 edx=0043d900 esi=00940000 edi=00427000 ebp=0012ff6c esp=0012ff38 *esp=[00000000 00427000] efl=00000202 [o0 d0 s0 z0 a0 p0 c0]
00444544 a128294500      mov eax,[00452928]                   eax=0041eada ebx=009803d8 ecx=00000000 edx=0043d900 esi=00940000 edi=00427000 ebp=0012ff6c esp=0012ff38 *esp=[00000000 00427000] efl=00000202 [o0 d0 s0 z0 a0 p0 c0]
00444549 8b80a4000000    mov eax,[eax+000000a4]               eax=00453a98 ebx=009803d8 ecx=00000000 edx=0043d900 esi=00940000 edi=00427000 ebp=0012ff6c esp=0012ff38 *esp=[00000000 00427000] efl=00000202 [o0 d0 s0 z0 a0 p0 c0]
0044454f 50              push eax                             eax=75a64d7c ebx=009803d8 ecx=00000000 edx=0043d900 esi=00940000 edi=00427000 ebp=0012ff6c esp=0012ff38 *esp=[00000000 00427000] efl=00000202 [o0 d0 s0 z0 a0 p0 c0]
00444550 53              push ebx                             eax=75a64d7c ebx=009803d8 ecx=00000000 edx=0043d900 esi=00940000 edi=00427000 ebp=0012ff6c esp=0012ff34 *esp=[75a64d7c 00000000] efl=00000202 [o0 d0 s0 z0 a0 p0 c0]
00444551 e84294ffff      call dword 0043d998                  eax=75a64d7c ebx=009803d8 ecx=00000000 edx=0043d900 esi=00940000 edi=00427000 ebp=0012ff6c esp=0012ff30 *esp=[009803d8 75a64d7c] efl=00000202 [o0 d0 s0 z0 a0 p0 c0]
00444556 85c0            test eax,eax                         eax=009a0683 ebx=009803d8 ecx=009a0683 edx=75a64d7c esi=00940000 edi=00427000 ebp=0012ff6c esp=0012ff38 *esp=[00000000 00427000] efl=00000246 [o0 d0 s0 z1 a0 p1 c0]
00444558 7451            jz 004445ab                          eax=009a0683 ebx=009803d8 ecx=009a0683 edx=75a64d7c esi=00940000 edi=00427000 ebp=0012ff6c esp=0012ff38 *esp=[00000000 00427000] efl=00000202 [o0 d0 s0 z0 a0 p0 c0]
0044455a 8b3d4c294500    mov edi,[dword 0045294c]             eax=009a0683 ebx=009803d8 ecx=009a0683 edx=75a64d7c esi=00940000 edi=00427000 ebp=0012ff6c esp=0012ff38 *esp=[00000000 00427000] efl=00000202 [o0 d0 s0 z0 a0 p0 c0]
00444560 8b3f            mov edi,[edi]                        eax=009a0683 ebx=009803d8 ecx=009a0683 edx=75a64d7c esi=00940000 edi=004544c8 ebp=0012ff6c esp=0012ff38 *esp=[00000000 00427000] efl=00000202 [o0 d0 s0 z0 a0 p0 c0]
00444562 83ef11          sub edi,byte +11                     eax=009a0683 ebx=009803d8 ecx=009a0683 edx=75a64d7c esi=00940000 edi=00405517 ebp=0012ff6c esp=0012ff38 *esp=[00000000 00427000] efl=00000202 [o0 d0 s0 z0 a0 p0 c0]
00444565 8d7008          lea esi,[eax+08]                     eax=009a0683 ebx=009803d8 ecx=009a0683 edx=75a64d7c esi=00940000 edi=00405506 ebp=0012ff6c esp=0012ff38 *esp=[00000000 00427000] efl=00000206 [o0 d0 s0 z0 a0 p1 c0]
00444568 a128294500      mov eax,[00452928]                   eax=009a0683 ebx=009803d8 ecx=009a0683 edx=75a64d7c esi=009a068b edi=00405506 ebp=0012ff6c esp=0012ff38 *esp=[00000000 00427000] efl=00000206 [o0 d0 s0 z0 a0 p1 c0]
0044456d 8b4004          mov eax,[eax+04]                     eax=00453a98 ebx=009803d8 ecx=009a0683 edx=75a64d7c esi=009a068b edi=00405506 ebp=0012ff6c esp=0012ff38 *esp=[00000000 00427000] efl=00000206 [o0 d0 s0 z0 a0 p1 c0]
00444570 50              push eax                             eax=75a64d54 ebx=009803d8 ecx=009a0683 edx=75a64d7c esi=009a068b edi=00405506 ebp=0012ff6c esp=0012ff38 *esp=[00000000 00427000] efl=00000206 [o0 d0 s0 z0 a0 p1 c0]
00444571 53              push ebx                             eax=75a64d54 ebx=009803d8 ecx=009a0683 edx=75a64d7c esi=009a068b edi=00405506 ebp=0012ff6c esp=0012ff34 *esp=[75a64d54 00000000] efl=00000206 [o0 d0 s0 z0 a0 p1 c0]
00444572 e82194ffff      call dword 0043d998                  eax=75a64d54 ebx=009803d8 ecx=009a0683 edx=75a64d7c esi=009a068b edi=00405506 ebp=0012ff6c esp=0012ff30 *esp=[009803d8 75a64d54] efl=00000206 [o0 d0 s0 z0 a0 p1 c0]
00444577 85c0            test eax,eax                         eax=00000000 ebx=009803d8 ecx=00000000 edx=00000004 esi=009a068b edi=00405506 ebp=0012ff6c esp=0012ff38 *esp=[00000000 00427000] efl=00000246 [o0 d0 s0 z1 a0 p1 c0]
00444579 743a            jz 004445b5                          eax=00000000 ebx=009803d8 ecx=00000000 edx=00000004 esi=009a068b edi=00405506 ebp=0012ff6c esp=0012ff38 *esp=[00000000 00427000] efl=00000246 [o0 d0 s0 z1 a0 p1 c0]
004445b5 8bc3            mov eax,ebx                          eax=00000000 ebx=009803d8 ecx=00000000 edx=00000004 esi=009a068b edi=00405506 ebp=0012ff6c esp=0012ff38 *esp=[00000000 00427000] efl=00000246 [o0 d0 s0 z1 a0 p1 c0]
004445b7 e83456feff      call dword 00429bf0                  eax=009803d8 ebx=009803d8 ecx=00000000 edx=00000004 esi=009a068b edi=00405506 ebp=0012ff6c esp=0012ff38 *esp=[00000000 00427000] efl=00000246 [o0 d0 s0 z1 a0 p1 c0]
004445bc 5a              pop edx                              eax=00000000 ebx=009803d8 ecx=00000000 edx=0012ff80 esi=009a068b edi=00405506 ebp=0012ff6c esp=0012ff38 *esp=[00000000 00427000] efl=00000246 [o0 d0 s0 z1 a0 p1 c0]
004445bd 5f              pop edi                              eax=00000000 ebx=009803d8 ecx=00000000 edx=00000000 esi=009a068b edi=00405506 ebp=0012ff6c esp=0012ff3c *esp=[00427000 00940000] efl=00000246 [o0 d0 s0 z1 a0 p1 c0]
004445be 5e              pop esi                              eax=00000000 ebx=009803d8 ecx=00000000 edx=00000000 esi=009a068b edi=00427000 ebp=0012ff6c esp=0012ff40 *esp=[00940000 00405541] efl=00000246 [o0 d0 s0 z1 a0 p1 c0]
004445bf 5b              pop ebx                              eax=00000000 ebx=009803d8 ecx=00000000 edx=00000000 esi=00940000 edi=00427000 ebp=0012ff6c esp=0012ff44 *esp=[00405541 0044461e] efl=00000246 [o0 d0 s0 z1 a0 p1 c0]
004445c0 c3              ret                                  eax=00000000 ebx=00405541 ecx=00000000 edx=00000000 esi=00940000 edi=00427000 ebp=0012ff6c esp=0012ff48 *esp=[0044461e 00427000] efl=00000246 [o0 d0 s0 z1 a0 p1 c0]

-------- MAIN PART6

00445cc8 55              push ebp                             eax=00000000 ebx=00445744 ecx=00000000 edx=0012ff80 esi=00940000 edi=00427000 ebp=0012ff98 esp=0012ff7c *esp=[004338dc 0012ffe0] efl=00000202 [o0 d0 s0 z0 a0 p0 c0]
00445cc9 8bec            mov ebp,esp                          eax=00000000 ebx=00445744 ecx=00000000 edx=0012ff80 esi=00940000 edi=00427000 ebp=0012ff98 esp=0012ff78 *esp=[0012ff98 004338dc] efl=00000202 [o0 d0 s0 z0 a0 p0 c0]
00445ccb 83c4c8          add esp,byte -38                     eax=00000000 ebx=00445744 ecx=00000000 edx=0012ff80 esi=00940000 edi=00427000 ebp=0012ff78 esp=0012ff78 *esp=[0012ff98 004338dc] efl=00000202 [o0 d0 s0 z0 a0 p0 c0]
00445cce 53              push ebx                             eax=00000000 ebx=00445744 ecx=00000000 edx=0012ff80 esi=00940000 edi=00427000 ebp=0012ff78 esp=0012ff40 *esp=[009a07c0 00b30000] efl=00000203 [o0 d0 s0 z0 a0 p0 c1]
00445ccf 56              push esi                             eax=00000000 ebx=00445744 ecx=00000000 edx=0012ff80 esi=00940000 edi=00427000 ebp=0012ff78 esp=0012ff3c *esp=[00445744 009a07c0] efl=00000203 [o0 d0 s0 z0 a0 p0 c1]
00445cd0 57              push edi                             eax=00000000 ebx=00445744 ecx=00000000 edx=0012ff80 esi=00940000 edi=00427000 ebp=0012ff78 esp=0012ff38 *esp=[00940000 00445744] efl=00000203 [o0 d0 s0 z0 a0 p0 c1]
00445cd1 33c0            xor eax,eax                          eax=00000000 ebx=00445744 ecx=00000000 edx=0012ff80 esi=00940000 edi=00427000 ebp=0012ff78 esp=0012ff34 *esp=[00427000 00940000] efl=00000203 [o0 d0 s0 z0 a0 p0 c1]
00445cd3 8945c8          mov [ebp-38],eax                     eax=00000000 ebx=00445744 ecx=00000000 edx=0012ff80 esi=00940000 edi=00427000 ebp=0012ff78 esp=0012ff34 *esp=[00427000 00940000] efl=00000246 [o0 d0 s0 z1 a0 p1 c0]
00445cd6 8945cc          mov [ebp-34],eax                     eax=00000000 ebx=00445744 ecx=00000000 edx=0012ff80 esi=00940000 edi=00427000 ebp=0012ff78 esp=0012ff34 *esp=[00427000 00940000] efl=00000246 [o0 d0 s0 z1 a0 p1 c0]
00445cd9 8945d0          mov [ebp-30],eax                     eax=00000000 ebx=00445744 ecx=00000000 edx=0012ff80 esi=00940000 edi=00427000 ebp=0012ff78 esp=0012ff34 *esp=[00427000 00940000] efl=00000246 [o0 d0 s0 z1 a0 p1 c0]
00445cdc 8b35b4294500    mov esi,[dword 004529b4]             eax=00000000 ebx=00445744 ecx=00000000 edx=0012ff80 esi=00940000 edi=00427000 ebp=0012ff78 esp=0012ff34 *esp=[00427000 00940000] efl=00000246 [o0 d0 s0 z1 a0 p1 c0]
00445ce2 33c0            xor eax,eax                          eax=00000000 ebx=00445744 ecx=00000000 edx=0012ff80 esi=004544e0 edi=00427000 ebp=0012ff78 esp=0012ff34 *esp=[00427000 00940000] efl=00000246 [o0 d0 s0 z1 a0 p1 c0]
00445ce4 55              push ebp                             eax=00000000 ebx=00445744 ecx=00000000 edx=0012ff80 esi=004544e0 edi=00427000 ebp=0012ff78 esp=0012ff34 *esp=[00427000 00940000] efl=00000246 [o0 d0 s0 z1 a0 p1 c0]
00445ce5 6800644400      push dword 00446400                  eax=00000000 ebx=00445744 ecx=00000000 edx=0012ff80 esi=004544e0 edi=00427000 ebp=0012ff78 esp=0012ff30 *esp=[0012ff78 00427000] efl=00000246 [o0 d0 s0 z1 a0 p1 c0]
00445cea 64ff30          push dword [fs:eax]                  eax=00000000 ebx=00445744 ecx=00000000 edx=0012ff80 esi=004544e0 edi=00427000 ebp=0012ff78 esp=0012ff2c *esp=[00446400 0012ff78] efl=00000246 [o0 d0 s0 z1 a0 p1 c0]
00445ced 648920          mov [fs:eax],esp                     eax=00000000 ebx=00445744 ecx=00000000 edx=0012ff80 esi=004544e0 edi=00427000 ebp=0012ff78 esp=0012ff28 *esp=[0012ff80 00446400] efl=00000246 [o0 d0 s0 z1 a0 p1 c0]
00445cf0 a1f8284500      mov eax,[004528f8]                   eax=00000000 ebx=00445744 ecx=00000000 edx=0012ff80 esi=004544e0 edi=00427000 ebp=0012ff78 esp=0012ff28 *esp=[0012ff80 00446400] efl=00000246 [o0 d0 s0 z1 a0 p1 c0]
00445cf5 c600d7          mov byte [eax],d7                    eax=00452688 ebx=00445744 ecx=00000000 edx=0012ff80 esi=004544e0 edi=00427000 ebp=0012ff78 esp=0012ff28 *esp=[0012ff80 00446400] efl=00000246 [o0 d0 s0 z1 a0 p1 c0]
00445cf8 c645f900        mov byte [ebp-07],00                 eax=00452688 ebx=00445744 ecx=00000000 edx=0012ff80 esi=004544e0 edi=00427000 ebp=0012ff78 esp=0012ff28 *esp=[0012ff80 00446400] efl=00000246 [o0 d0 s0 z1 a0 p1 c0]
00445cfc b201            mov dl,01                            eax=00452688 ebx=00445744 ecx=00000000 edx=0012ff80 esi=004544e0 edi=00427000 ebp=0012ff78 esp=0012ff28 *esp=[0012ff80 00446400] efl=00000246 [o0 d0 s0 z1 a0 p1 c0]
00445cfe a1b4d84300      mov eax,[0043d8b4]                   eax=00452688 ebx=00445744 ecx=00000000 edx=0012ff01 esi=004544e0 edi=00427000 ebp=0012ff78 esp=0012ff28 *esp=[0012ff80 00446400] efl=00000246 [o0 d0 s0 z1 a0 p1 c0]
00445d03 e8087cffff      call dword 0043d910                  eax=0043d900 ebx=00445744 ecx=00000000 edx=0012ff01 esi=004544e0 edi=00427000 ebp=0012ff78 esp=0012ff28 *esp=[0012ff80 00446400] efl=00000246 [o0 d0 s0 z1 a0 p1 c0]
00445d08 8bf8            mov edi,eax                          eax=009803d8 ebx=00445744 ecx=00000000 edx=0043d900 esi=004544e0 edi=00427000 ebp=0012ff78 esp=0012ff28 *esp=[0012ff80 00446400] efl=00000202 [o0 d0 s0 z0 a0 p0 c0]
00445d0a a138294500      mov eax,[00452938]                   eax=009803d8 ebx=00445744 ecx=00000000 edx=0043d900 esi=004544e0 edi=009803d8 ebp=0012ff78 esp=0012ff28 *esp=[0012ff80 00446400] efl=00000202 [o0 d0 s0 z0 a0 p0 c0]
00445d0f 8b00            mov eax,[eax]                        eax=004544c4 ebx=00445744 ecx=00000000 edx=0043d900 esi=004544e0 edi=009803d8 ebp=0012ff78 esp=0012ff28 *esp=[0012ff80 00446400] efl=00000202 [o0 d0 s0 z0 a0 p0 c0]
00445d11 894704          mov [edi+04],eax                     eax=0041eada ebx=00445744 ecx=00000000 edx=0043d900 esi=004544e0 edi=009803d8 ebp=0012ff78 esp=0012ff28 *esp=[0012ff80 00446400] efl=00000202 [o0 d0 s0 z0 a0 p0 c0]
00445d14 8bc6            mov eax,esi                          eax=0041eada ebx=00445744 ecx=00000000 edx=0043d900 esi=004544e0 edi=009803d8 ebp=0012ff78 esp=0012ff28 *esp=[0012ff80 00446400] efl=00000202 [o0 d0 s0 z0 a0 p0 c0]
00445d16 ba3c000000      mov edx,0000003c                     eax=004544e0 ebx=00445744 ecx=00000000 edx=0043d900 esi=004544e0 edi=009803d8 ebp=0012ff78 esp=0012ff28 *esp=[0012ff80 00446400] efl=00000202 [o0 d0 s0 z0 a0 p0 c0]
00445d1b e88c6dfeff      call dword 0042caac                  eax=004544e0 ebx=00445744 ecx=00000000 edx=0000003c esi=004544e0 edi=009803d8 ebp=0012ff78 esp=0012ff28 *esp=[0012ff80 00446400] efl=00000202 [o0 d0 s0 z0 a0 p0 c0]
00445d20 8d45d0          lea eax,[ebp-30]                     eax=00000000 ebx=00445744 ecx=00000000 edx=0000003c esi=004544e0 edi=009803d8 ebp=0012ff78 esp=0012ff28 *esp=[0012ff80 00446400] efl=00000246 [o0 d0 s0 z1 a0 p1 c0]
00445d23 e8343affff      call dword 0043975c                  eax=0012ff48 ebx=00445744 ecx=00000000 edx=0000003c esi=004544e0 edi=009803d8 ebp=0012ff78 esp=0012ff28 *esp=[0012ff80 00446400] efl=00000246 [o0 d0 s0 z1 a0 p1 c0]

0043975c 55              push ebp                             eax=0012ff48 ebx=00445744 ecx=00000000 edx=0000003c esi=004544e0 edi=009803d8 ebp=0012ff78 esp=0012ff24 *esp=[00c00000 0012ff80] efl=00000246 [o0 d0 s0 z1 a0 p1 c0]
0043975d 8bec            mov ebp,esp                          eax=0012ff48 ebx=00445744 ecx=00000000 edx=0000003c esi=004544e0 edi=009803d8 ebp=0012ff78 esp=0012ff20 *esp=[0012ff78 00c00000] efl=00000246 [o0 d0 s0 z1 a0 p1 c0]
0043975f 6a00            push byte +00                        eax=0012ff48 ebx=00445744 ecx=00000000 edx=0000003c esi=004544e0 edi=009803d8 ebp=0012ff20 esp=0012ff20 *esp=[0012ff78 00c00000] efl=00000246 [o0 d0 s0 z1 a0 p1 c0]
00439761 6a00            push byte +00                        eax=0012ff48 ebx=00445744 ecx=00000000 edx=0000003c esi=004544e0 edi=009803d8 ebp=0012ff20 esp=0012ff1c *esp=[00000000 0012ff78] efl=00000246 [o0 d0 s0 z1 a0 p1 c0]
00439763 53              push ebx                             eax=0012ff48 ebx=00445744 ecx=00000000 edx=0000003c esi=004544e0 edi=009803d8 ebp=0012ff20 esp=0012ff18 *esp=[00000000 00000000] efl=00000246 [o0 d0 s0 z1 a0 p1 c0]
00439764 8bd8            mov ebx,eax                          eax=0012ff48 ebx=00445744 ecx=00000000 edx=0000003c esi=004544e0 edi=009803d8 ebp=0012ff20 esp=0012ff14 *esp=[00445744 00000000] efl=00000246 [o0 d0 s0 z1 a0 p1 c0]
00439766 33c0            xor eax,eax                          eax=0012ff48 ebx=0012ff48 ecx=00000000 edx=0000003c esi=004544e0 edi=009803d8 ebp=0012ff20 esp=0012ff14 *esp=[00445744 00000000] efl=00000246 [o0 d0 s0 z1 a0 p1 c0]
00439768 55              push ebp                             eax=00000000 ebx=0012ff48 ecx=00000000 edx=0000003c esi=004544e0 edi=009803d8 ebp=0012ff20 esp=0012ff14 *esp=[00445744 00000000] efl=00000246 [o0 d0 s0 z1 a0 p1 c0]
00439769 683e984300      push dword 0043983e                  eax=00000000 ebx=0012ff48 ecx=00000000 edx=0000003c esi=004544e0 edi=009803d8 ebp=0012ff20 esp=0012ff10 *esp=[0012ff20 00445744] efl=00000246 [o0 d0 s0 z1 a0 p1 c0]
0043976e 64ff30          push dword [fs:eax]                  eax=00000000 ebx=0012ff48 ecx=00000000 edx=0000003c esi=004544e0 edi=009803d8 ebp=0012ff20 esp=0012ff0c *esp=[0043983e 0012ff20] efl=00000246 [o0 d0 s0 z1 a0 p1 c0]
00439771 648920          mov [fs:eax],esp                     eax=00000000 ebx=0012ff48 ecx=00000000 edx=0000003c esi=004544e0 edi=009803d8 ebp=0012ff20 esp=0012ff08 *esp=[0012ff28 0043983e] efl=00000246 [o0 d0 s0 z1 a0 p1 c0]
00439774 8bc3            mov eax,ebx                          eax=00000000 ebx=0012ff48 ecx=00000000 edx=0000003c esi=004544e0 edi=009803d8 ebp=0012ff20 esp=0012ff08 *esp=[0012ff28 0043983e] efl=00000246 [o0 d0 s0 z1 a0 p1 c0]
00439776 e825fcffff      call dword 004393a0                  eax=0012ff48 ebx=0012ff48 ecx=00000000 edx=0000003c esi=004544e0 edi=009803d8 ebp=0012ff20 esp=0012ff08 *esp=[0012ff28 0043983e] efl=00000246 [o0 d0 s0 z1 a0 p1 c0]
0043977b 833b00          cmp dword [ebx],byte +00             eax=00000000 ebx=0012ff48 ecx=0012ff00 edx=0012ff08 esi=004544e0 edi=009803d8 ebp=0012ff20 esp=0012ff08 *esp=[0012ff28 0043983e] efl=00000246 [o0 d0 s0 z1 a0 p1 c0]
0043977e 7507            jnz 00439787                         eax=00000000 ebx=0012ff48 ecx=0012ff00 edx=0012ff08 esi=004544e0 edi=009803d8 ebp=0012ff20 esp=0012ff08 *esp=[0012ff28 0043983e] efl=00000202 [o0 d0 s0 z0 a0 p0 c0]
00439787 833b00          cmp dword [ebx],byte +00             eax=00000000 ebx=0012ff48 ecx=0012ff00 edx=0012ff08 esi=004544e0 edi=009803d8 ebp=0012ff20 esp=0012ff08 *esp=[0012ff28 0043983e] efl=00000202 [o0 d0 s0 z0 a0 p0 c0]
0043978a 7507            jnz 00439793                         eax=00000000 ebx=0012ff48 ecx=0012ff00 edx=0012ff08 esi=004544e0 edi=009803d8 ebp=0012ff20 esp=0012ff08 *esp=[0012ff28 0043983e] efl=00000202 [o0 d0 s0 z0 a0 p0 c0]
00439793 8b03            mov eax,[ebx]                        eax=00000000 ebx=0012ff48 ecx=0012ff00 edx=0012ff08 esi=004544e0 edi=009803d8 ebp=0012ff20 esp=0012ff08 *esp=[0012ff28 0043983e] efl=00000202 [o0 d0 s0 z0 a0 p0 c0]
00439795 e89611ffff      call dword 0042a930                  eax=009a0a7c ebx=0012ff48 ecx=0012ff00 edx=0012ff08 esi=004544e0 edi=009803d8 ebp=0012ff20 esp=0012ff08 *esp=[0012ff28 0043983e] efl=00000202 [o0 d0 s0 z0 a0 p0 c0]
0043979a 83f804          cmp eax,byte +04                     eax=0000000e ebx=0012ff48 ecx=0012ff00 edx=0012ff08 esi=004544e0 edi=009803d8 ebp=0012ff20 esp=0012ff08 *esp=[0012ff28 0043983e] efl=00000202 [o0 d0 s0 z0 a0 p0 c0]
0043979d 7212            jc 004397b1                          eax=0000000e ebx=0012ff48 ecx=0012ff00 edx=0012ff08 esi=004544e0 edi=009803d8 ebp=0012ff20 esp=0012ff08 *esp=[0012ff28 0043983e] efl=00000206 [o0 d0 s0 z0 a0 p1 c0]
0043979f 8b03            mov eax,[ebx]                        eax=0000000e ebx=0012ff48 ecx=0012ff00 edx=0012ff08 esi=004544e0 edi=009803d8 ebp=0012ff20 esp=0012ff08 *esp=[0012ff28 0043983e] efl=00000206 [o0 d0 s0 z0 a0 p1 c0]
004397a1 8a10            mov dl,[eax]                         eax=009a0a7c ebx=0012ff48 ecx=0012ff00 edx=0012ff08 esi=004544e0 edi=009803d8 ebp=0012ff20 esp=0012ff08 *esp=[0012ff28 0043983e] efl=00000206 [o0 d0 s0 z0 a0 p1 c0]
004397a3 8b03            mov eax,[ebx]                        eax=009a0a7c ebx=0012ff48 ecx=0012ff00 edx=0012ff4d esi=004544e0 edi=009803d8 ebp=0012ff20 esp=0012ff08 *esp=[0012ff28 0043983e] efl=00000206 [o0 d0 s0 z0 a0 p1 c0]
004397a5 3a5001          cmp dl,[eax+01]                      eax=009a0a7c ebx=0012ff48 ecx=0012ff00 edx=0012ff4d esi=004544e0 edi=009803d8 ebp=0012ff20 esp=0012ff08 *esp=[0012ff28 0043983e] efl=00000206 [o0 d0 s0 z0 a0 p1 c0]
004397a8 750e            jnz 004397b8                         eax=009a0a7c ebx=0012ff48 ecx=0012ff00 edx=0012ff4d esi=004544e0 edi=009803d8 ebp=0012ff20 esp=0012ff08 *esp=[0012ff28 0043983e] efl=00000283 [o0 d0 s1 z0 a0 p0 c1]
004397b8 8b03            mov eax,[ebx]                        eax=009a0a7c ebx=0012ff48 ecx=0012ff00 edx=0012ff4d esi=004544e0 edi=009803d8 ebp=0012ff20 esp=0012ff08 *esp=[0012ff28 0043983e] efl=00000283 [o0 d0 s1 z0 a0 p0 c1]
004397ba e87111ffff      call dword 0042a930                  eax=009a0a7c ebx=0012ff48 ecx=0012ff00 edx=0012ff4d esi=004544e0 edi=009803d8 ebp=0012ff20 esp=0012ff08 *esp=[0012ff28 0043983e] efl=00000283 [o0 d0 s1 z0 a0 p0 c1]
004397bf 50              push eax                             eax=0000000e ebx=0012ff48 ecx=0012ff00 edx=0012ff4d esi=004544e0 edi=009803d8 ebp=0012ff20 esp=0012ff08 *esp=[0012ff28 0043983e] efl=00000202 [o0 d0 s0 z0 a0 p0 c0]
004397c0 8bc3            mov eax,ebx                          eax=0000000e ebx=0012ff48 ecx=0012ff00 edx=0012ff4d esi=004544e0 edi=009803d8 ebp=0012ff20 esp=0012ff04 *esp=[0000000e 0012ff28] efl=00000202 [o0 d0 s0 z0 a0 p0 c0]
004397c2 e83913ffff      call dword 0042ab00                  eax=0012ff48 ebx=0012ff48 ecx=0012ff00 edx=0012ff4d esi=004544e0 edi=009803d8 ebp=0012ff20 esp=0012ff04 *esp=[0000000e 0012ff28] efl=00000202 [o0 d0 s0 z0 a0 p0 c0]
004397c7 50              push eax                             eax=009a0a7c ebx=0012ff48 ecx=00000000 edx=009a0a7c esi=004544e0 edi=009803d8 ebp=0012ff20 esp=0012ff04 *esp=[0000000e 0012ff28] efl=00000246 [o0 d0 s0 z1 a0 p1 c0]
004397c8 e877ecffff      call dword 00438444                  eax=009a0a7c ebx=0012ff48 ecx=00000000 edx=009a0a7c esi=004544e0 edi=009803d8 ebp=0012ff20 esp=0012ff00 *esp=[009a0a7c 0000000e] efl=00000246 [o0 d0 s0 z1 a0 p1 c0]
004397cd 33d2            xor edx,edx                          eax=4ac9ecde ebx=0012ff48 ecx=00000000 edx=009a0a7c esi=004544e0 edi=009803d8 ebp=0012ff20 esp=0012ff08 *esp=[0012ff28 0043983e] efl=00000246 [o0 d0 s0 z1 a0 p1 c0]
004397cf 52              push edx                             eax=4ac9ecde ebx=0012ff48 ecx=00000000 edx=00000000 esi=004544e0 edi=009803d8 ebp=0012ff20 esp=0012ff08 *esp=[0012ff28 0043983e] efl=00000246 [o0 d0 s0 z1 a0 p1 c0]
004397d0 50              push eax                             eax=4ac9ecde ebx=0012ff48 ecx=00000000 edx=00000000 esi=004544e0 edi=009803d8 ebp=0012ff20 esp=0012ff04 *esp=[00000000 0012ff28] efl=00000246 [o0 d0 s0 z1 a0 p1 c0]
004397d1 8d55fc          lea edx,[ebp-04]                     eax=4ac9ecde ebx=0012ff48 ecx=00000000 edx=00000000 esi=004544e0 edi=009803d8 ebp=0012ff20 esp=0012ff00 *esp=[4ac9ecde 00000000] efl=00000246 [o0 d0 s0 z1 a0 p1 c0]
004397d4 b808000000      mov eax,00000008                     eax=4ac9ecde ebx=0012ff48 ecx=00000000 edx=0012ff1c esi=004544e0 edi=009803d8 ebp=0012ff20 esp=0012ff00 *esp=[4ac9ecde 00000000] efl=00000246 [o0 d0 s0 z1 a0 p1 c0]
004397d9 e8ae41ffff      call dword 0042d98c                  eax=00000008 ebx=0012ff48 ecx=00000000 edx=0012ff1c esi=004544e0 edi=009803d8 ebp=0012ff20 esp=0012ff00 *esp=[4ac9ecde 00000000] efl=00000246 [o0 d0 s0 z1 a0 p1 c0]
004397de 8b55fc          mov edx,[ebp-04]                     eax=0012ff1c ebx=0012ff48 ecx=00000000 edx=00000000 esi=004544e0 edi=009803d8 ebp=0012ff20 esp=0012ff08 *esp=[0012ff28 0043983e] efl=00000246 [o0 d0 s0 z1 a0 p1 c0]
004397e1 8bc3            mov eax,ebx                          eax=0012ff1c ebx=0012ff48 ecx=00000000 edx=009a0a98 esi=004544e0 edi=009803d8 ebp=0012ff20 esp=0012ff08 *esp=[0012ff28 0043983e] efl=00000246 [o0 d0 s0 z1 a0 p1 c0]
004397e3 e8400fffff      call dword 0042a728                  eax=0012ff48 ebx=0012ff48 ecx=00000000 edx=009a0a98 esi=004544e0 edi=009803d8 ebp=0012ff20 esp=0012ff08 *esp=[0012ff28 0043983e] efl=00000246 [o0 d0 s0 z1 a0 p1 c0]
004397e8 ff33            push dword [ebx]                     eax=00000000 ebx=0012ff48 ecx=00000000 edx=0012ff08 esi=004544e0 edi=009803d8 ebp=0012ff20 esp=0012ff08 *esp=[0012ff28 0043983e] efl=00000246 [o0 d0 s0 z1 a0 p1 c0]
004397ea 6854984300      push dword 00439854                  eax=00000000 ebx=0012ff48 ecx=00000000 edx=0012ff08 esi=004544e0 edi=009803d8 ebp=0012ff20 esp=0012ff04 *esp=[009a0a98 0012ff28] efl=00000246 [o0 d0 s0 z1 a0 p1 c0]
004397ef 8b03            mov eax,[ebx]                        eax=00000000 ebx=0012ff48 ecx=00000000 edx=0012ff08 esi=004544e0 edi=009803d8 ebp=0012ff20 esp=0012ff00 *esp=[00439854 009a0a98] efl=00000246 [o0 d0 s0 z1 a0 p1 c0]
004397f1 e83a11ffff      call dword 0042a930                  eax=009a0a98 ebx=0012ff48 ecx=00000000 edx=0012ff08 esi=004544e0 edi=009803d8 ebp=0012ff20 esp=0012ff00 *esp=[00439854 009a0a98] efl=00000246 [o0 d0 s0 z1 a0 p1 c0]
004397f6 50              push eax                             eax=00000008 ebx=0012ff48 ecx=00000000 edx=0012ff08 esi=004544e0 edi=009803d8 ebp=0012ff20 esp=0012ff00 *esp=[00439854 009a0a98] efl=00000202 [o0 d0 s0 z0 a0 p0 c0]
004397f7 8bc3            mov eax,ebx                          eax=00000008 ebx=0012ff48 ecx=00000000 edx=0012ff08 esi=004544e0 edi=009803d8 ebp=0012ff20 esp=0012fefc *esp=[00000008 00439854] efl=00000202 [o0 d0 s0 z0 a0 p0 c0]
004397f9 e80213ffff      call dword 0042ab00                  eax=0012ff48 ebx=0012ff48 ecx=00000000 edx=0012ff08 esi=004544e0 edi=009803d8 ebp=0012ff20 esp=0012fefc *esp=[00000008 00439854] efl=00000202 [o0 d0 s0 z0 a0 p0 c0]
004397fe 5a              pop edx                              eax=009a0ab0 ebx=0012ff48 ecx=00000000 edx=009a0ab0 esi=004544e0 edi=009803d8 ebp=0012ff20 esp=0012fefc *esp=[00000008 00439854] efl=00000206 [o0 d0 s0 z0 a0 p1 c0]
004397ff e808ecffff      call dword 0043840c                  eax=009a0ab0 ebx=0012ff48 ecx=00000000 edx=00000008 esi=004544e0 edi=009803d8 ebp=0012ff20 esp=0012ff00 *esp=[00439854 009a0a98] efl=00000206 [o0 d0 s0 z0 a0 p1 c0]
00439804 0fb7c0          movzx eax,ax                         eax=00433ed7 ebx=0012ff48 ecx=00000000 edx=00000000 esi=004544e0 edi=009803d8 ebp=0012ff20 esp=0012ff00 *esp=[00439854 009a0a98] efl=00000246 [o0 d0 s0 z1 a0 p1 c0]
00439807 8d4df8          lea ecx,[ebp-08]                     eax=00003ed7 ebx=0012ff48 ecx=00000000 edx=00000000 esi=004544e0 edi=009803d8 ebp=0012ff20 esp=0012ff00 *esp=[00439854 009a0a98] efl=00000246 [o0 d0 s0 z1 a0 p1 c0]
0043980a ba04000000      mov edx,00000004                     eax=00003ed7 ebx=0012ff48 ecx=0012ff18 edx=00000000 esi=004544e0 edi=009803d8 ebp=0012ff20 esp=0012ff00 *esp=[00439854 009a0a98] efl=00000246 [o0 d0 s0 z1 a0 p1 c0]
0043980f e83c41ffff      call dword 0042d950                  eax=00003ed7 ebx=0012ff48 ecx=0012ff18 edx=00000004 esi=004544e0 edi=009803d8 ebp=0012ff20 esp=0012ff00 *esp=[00439854 009a0a98] efl=00000246 [o0 d0 s0 z1 a0 p1 c0]
00439814 ff75f8          push dword [ebp-08]                  eax=0012ff18 ebx=0012ff48 ecx=00000000 edx=00000000 esi=004544e0 edi=009803d8 ebp=0012ff20 esp=0012ff00 *esp=[00439854 009a0a98] efl=00000206 [o0 d0 s0 z0 a0 p1 c0]
00439817 8bc3            mov eax,ebx                          eax=0012ff18 ebx=0012ff48 ecx=00000000 edx=00000000 esi=004544e0 edi=009803d8 ebp=0012ff20 esp=0012fefc *esp=[009a0ac8 00439854] efl=00000206 [o0 d0 s0 z0 a0 p1 c0]
00439819 ba03000000      mov edx,00000003                     eax=0012ff48 ebx=0012ff48 ecx=00000000 edx=00000000 esi=004544e0 edi=009803d8 ebp=0012ff20 esp=0012fefc *esp=[009a0ac8 00439854] efl=00000206 [o0 d0 s0 z0 a0 p1 c0]
0043981e e8cd11ffff      call dword 0042a9f0                  eax=0012ff48 ebx=0012ff48 ecx=00000000 edx=00000003 esi=004544e0 edi=009803d8 ebp=0012ff20 esp=0012fefc *esp=[009a0ac8 00439854] efl=00000206 [o0 d0 s0 z0 a0 p1 c0]
00439823 33c0            xor eax,eax                          eax=00c10000 ebx=0012ff48 ecx=00000000 edx=00000003 esi=004544e0 edi=009803d8 ebp=0012ff20 esp=0012ff08 *esp=[0012ff28 0043983e] efl=00000246 [o0 d0 s0 z1 a0 p1 c0]
00439825 5a              pop edx                              eax=00000000 ebx=0012ff48 ecx=00000000 edx=00000003 esi=004544e0 edi=009803d8 ebp=0012ff20 esp=0012ff08 *esp=[0012ff28 0043983e] efl=00000246 [o0 d0 s0 z1 a0 p1 c0]
00439826 59              pop ecx                              eax=00000000 ebx=0012ff48 ecx=00000000 edx=0012ff28 esi=004544e0 edi=009803d8 ebp=0012ff20 esp=0012ff0c *esp=[0043983e 0012ff20] efl=00000246 [o0 d0 s0 z1 a0 p1 c0]
00439827 59              pop ecx                              eax=00000000 ebx=0012ff48 ecx=0043983e edx=0012ff28 esi=004544e0 edi=009803d8 ebp=0012ff20 esp=0012ff10 *esp=[0012ff20 00445744] efl=00000246 [o0 d0 s0 z1 a0 p1 c0]
00439828 648910          mov [fs:eax],edx                     eax=00000000 ebx=0012ff48 ecx=0012ff20 edx=0012ff28 esi=004544e0 edi=009803d8 ebp=0012ff20 esp=0012ff14 *esp=[00445744 009a0ac8] efl=00000246 [o0 d0 s0 z1 a0 p1 c0]
0043982b 6845984300      push dword 00439845                  eax=00000000 ebx=0012ff48 ecx=0012ff20 edx=0012ff28 esi=004544e0 edi=009803d8 ebp=0012ff20 esp=0012ff14 *esp=[00445744 009a0ac8] efl=00000246 [o0 d0 s0 z1 a0 p1 c0]
00439830 8d45f8          lea eax,[ebp-08]                     eax=00000000 ebx=0012ff48 ecx=0012ff20 edx=0012ff28 esi=004544e0 edi=009803d8 ebp=0012ff20 esp=0012ff10 *esp=[00439845 00445744] efl=00000246 [o0 d0 s0 z1 a0 p1 c0]
00439833 ba02000000      mov edx,00000002                     eax=0012ff18 ebx=0012ff48 ecx=0012ff20 edx=0012ff28 esi=004544e0 edi=009803d8 ebp=0012ff20 esp=0012ff10 *esp=[00439845 00445744] efl=00000246 [o0 d0 s0 z1 a0 p1 c0]
00439838 e8bb0effff      call dword 0042a6f8                  eax=0012ff18 ebx=0012ff48 ecx=0012ff20 edx=00000002 esi=004544e0 edi=009803d8 ebp=0012ff20 esp=0012ff10 *esp=[00439845 00445744] efl=00000246 [o0 d0 s0 z1 a0 p1 c0]
0043983d c3              ret                                  eax=00000000 ebx=0012ff48 ecx=00000000 edx=0012ff28 esi=004544e0 edi=009803d8 ebp=0012ff20 esp=0012ff10 *esp=[00439845 00445744] efl=00000246 [o0 d0 s0 z1 a0 p1 c0]
00439845 5b              pop ebx                              eax=00000000 ebx=0012ff48 ecx=00000000 edx=0012ff28 esi=004544e0 edi=009803d8 ebp=0012ff20 esp=0012ff14 *esp=[00445744 00000000] efl=00000246 [o0 d0 s0 z1 a0 p1 c0]
00439846 59              pop ecx                              eax=00000000 ebx=00445744 ecx=00000000 edx=0012ff28 esi=004544e0 edi=009803d8 ebp=0012ff20 esp=0012ff18 *esp=[00000000 00000000] efl=00000246 [o0 d0 s0 z1 a0 p1 c0]
00439847 59              pop ecx                              eax=00000000 ebx=00445744 ecx=00000000 edx=0012ff28 esi=004544e0 edi=009803d8 ebp=0012ff20 esp=0012ff1c *esp=[00000000 0012ff78] efl=00000246 [o0 d0 s0 z1 a0 p1 c0]
00439848 5d              pop ebp                              eax=00000000 ebx=00445744 ecx=00000000 edx=0012ff28 esi=004544e0 edi=009803d8 ebp=0012ff20 esp=0012ff20 *esp=[0012ff78 00c00000] efl=00000246 [o0 d0 s0 z1 a0 p1 c0]
00439849 c3              ret                                  eax=00000000 ebx=00445744 ecx=00000000 edx=0012ff28 esi=004544e0 edi=009803d8 ebp=0012ff78 esp=0012ff24 *esp=[00c00000 0012ff80] efl=00000246 [o0 d0 s0 z1 a0 p1 c0]

00445d28 8b55d0          mov edx,[ebp-30]                     eax=00000000 ebx=00445744 ecx=00000000 edx=0012ff28 esi=004544e0 edi=009803d8 ebp=0012ff78 esp=0012ff28 *esp=[0012ff80 00446400] efl=00000246 [o0 d0 s0 z1 a0 p1 c0]
00445d2b a144294500      mov eax,[00452944]                   eax=00000000 ebx=00445744 ecx=00000000 edx=009a0adc esi=004544e0 edi=009803d8 ebp=0012ff78 esp=0012ff28 *esp=[0012ff80 00446400] efl=00000246 [o0 d0 s0 z1 a0 p1 c0]
00445d30 e8f349feff      call dword 0042a728                  eax=004547c4 ebx=00445744 ecx=00000000 edx=009a0adc esi=004544e0 edi=009803d8 ebp=0012ff78 esp=0012ff28 *esp=[0012ff80 00446400] efl=00000246 [o0 d0 s0 z1 a0 p1 c0]
00445d35 8d45cc          lea eax,[ebp-34]                     eax=004547c4 ebx=00445744 ecx=00000002 edx=00000000 esi=004544e0 edi=009803d8 ebp=0012ff78 esp=0012ff28 *esp=[0012ff80 00446400] efl=00000246 [o0 d0 s0 z1 a0 p1 c0]
00445d38 e81b3bffff      call dword 00439858                  eax=0012ff44 ebx=00445744 ecx=00000002 edx=00000000 esi=004544e0 edi=009803d8 ebp=0012ff78 esp=0012ff28 *esp=[0012ff80 00446400] efl=00000246 [o0 d0 s0 z1 a0 p1 c0]
00445d3d 8b55cc          mov edx,[ebp-34]                     eax=0012ff1c ebx=00445744 ecx=00000000 edx=009a0b10 esi=004544e0 edi=009803d8 ebp=0012ff78 esp=0012ff28 *esp=[0012ff80 00446400] efl=00000202 [o0 d0 s0 z0 a0 p0 c0]
00445d40 a1d8274500      mov eax,[004527d8]                   eax=0012ff1c ebx=00445744 ecx=00000000 edx=009a0b10 esi=004544e0 edi=009803d8 ebp=0012ff78 esp=0012ff28 *esp=[0012ff80 00446400] efl=00000202 [o0 d0 s0 z0 a0 p0 c0]
00445d45 e8de49feff      call dword 0042a728                  eax=004547c8 ebx=00445744 ecx=00000000 edx=009a0b10 esi=004544e0 edi=009803d8 ebp=0012ff78 esp=0012ff28 *esp=[0012ff80 00446400] efl=00000202 [o0 d0 s0 z0 a0 p0 c0]
00445d4a e8c1f0ffff      call dword 00444e10                  eax=004547c8 ebx=00445744 ecx=00000002 edx=00000000 esi=004544e0 edi=009803d8 ebp=0012ff78 esp=0012ff28 *esp=[0012ff80 00446400] efl=00000246 [o0 d0 s0 z1 a0 p1 c0]
00445d4f a3b0444500      mov [004544b0],eax                   eax=00000000 ebx=00445744 ecx=0045268c edx=00000000 esi=004544e0 edi=009803d8 ebp=0012ff78 esp=0012ff28 *esp=[0012ff80 00446400] efl=00000246 [o0 d0 s0 z1 a0 p1 c0]
00445d54 a188284500      mov eax,[00452888]                   eax=00000000 ebx=00445744 ecx=0045268c edx=00000000 esi=004544e0 edi=009803d8 ebp=0012ff78 esp=0012ff28 *esp=[0012ff80 00446400] efl=00000246 [o0 d0 s0 z1 a0 p1 c0]
00445d59 33d2            xor edx,edx                          eax=004547bc ebx=00445744 ecx=0045268c edx=00000000 esi=004544e0 edi=009803d8 ebp=0012ff78 esp=0012ff28 *esp=[0012ff80 00446400] efl=00000246 [o0 d0 s0 z1 a0 p1 c0]
00445d5b 8910            mov [eax],edx                        eax=004547bc ebx=00445744 ecx=0045268c edx=00000000 esi=004544e0 edi=009803d8 ebp=0012ff78 esp=0012ff28 *esp=[0012ff80 00446400] efl=00000246 [o0 d0 s0 z1 a0 p1 c0]
00445d5d a170274500      mov eax,[00452770]                   eax=004547bc ebx=00445744 ecx=0045268c edx=00000000 esi=004544e0 edi=009803d8 ebp=0012ff78 esp=0012ff28 *esp=[0012ff80 00446400] efl=00000246 [o0 d0 s0 z1 a0 p1 c0]
00445d62 33d2            xor edx,edx                          eax=004547b8 ebx=00445744 ecx=0045268c edx=00000000 esi=004544e0 edi=009803d8 ebp=0012ff78 esp=0012ff28 *esp=[0012ff80 00446400] efl=00000246 [o0 d0 s0 z1 a0 p1 c0]
00445d64 8910            mov [eax],edx                        eax=004547b8 ebx=00445744 ecx=0045268c edx=00000000 esi=004544e0 edi=009803d8 ebp=0012ff78 esp=0012ff28 *esp=[0012ff80 00446400] efl=00000246 [o0 d0 s0 z1 a0 p1 c0]
00445d66 a128294500      mov eax,[00452928]                   eax=004547b8 ebx=00445744 ecx=0045268c edx=00000000 esi=004544e0 edi=009803d8 ebp=0012ff78 esp=0012ff28 *esp=[0012ff80 00446400] efl=00000246 [o0 d0 s0 z1 a0 p1 c0]
00445d6b 8b80e8000000    mov eax,[eax+000000e8]               eax=00453a98 ebx=00445744 ecx=0045268c edx=00000000 esi=004544e0 edi=009803d8 ebp=0012ff78 esp=0012ff28 *esp=[0012ff80 00446400] efl=00000246 [o0 d0 s0 z1 a0 p1 c0]
00445d71 50              push eax                             eax=75a64d8d ebx=00445744 ecx=0045268c edx=00000000 esi=004544e0 edi=009803d8 ebp=0012ff78 esp=0012ff28 *esp=[0012ff80 00446400] efl=00000246 [o0 d0 s0 z1 a0 p1 c0]
00445d72 57              push edi                             eax=75a64d8d ebx=00445744 ecx=0045268c edx=00000000 esi=004544e0 edi=009803d8 ebp=0012ff78 esp=0012ff24 *esp=[75a64d8d 0012ff80] efl=00000246 [o0 d0 s0 z1 a0 p1 c0]
00445d73 e8207cffff      call dword 0043d998                  eax=75a64d8d ebx=00445744 ecx=0045268c edx=00000000 esi=004544e0 edi=009803d8 ebp=0012ff78 esp=0012ff20 *esp=[009803d8 75a64d8d] efl=00000246 [o0 d0 s0 z1 a0 p1 c0]
00445d78 8bd8            mov ebx,eax                          eax=00000000 ebx=00445744 ecx=00000000 edx=00000004 esi=004544e0 edi=009803d8 ebp=0012ff78 esp=0012ff28 *esp=[0012ff80 00446400] efl=00000246 [o0 d0 s0 z1 a0 p1 c0]
00445d7a 85db            test ebx,ebx                         eax=00000000 ebx=00000000 ecx=00000000 edx=00000004 esi=004544e0 edi=009803d8 ebp=0012ff78 esp=0012ff28 *esp=[0012ff80 00446400] efl=00000246 [o0 d0 s0 z1 a0 p1 c0]
00445d7c 7436            jz 00445db4                          eax=00000000 ebx=00000000 ecx=00000000 edx=00000004 esi=004544e0 edi=009803d8 ebp=0012ff78 esp=0012ff28 *esp=[0012ff80 00446400] efl=00000246 [o0 d0 s0 z1 a0 p1 c0]
00445db4 a128294500      mov eax,[00452928]                   eax=00000000 ebx=00000000 ecx=00000000 edx=00000004 esi=004544e0 edi=009803d8 ebp=0012ff78 esp=0012ff28 *esp=[0012ff80 00446400] efl=00000246 [o0 d0 s0 z1 a0 p1 c0]
00445db9 8b80dc000000    mov eax,[eax+000000dc]               eax=00453a98 ebx=00000000 ecx=00000000 edx=00000004 esi=004544e0 edi=009803d8 ebp=0012ff78 esp=0012ff28 *esp=[0012ff80 00446400] efl=00000246 [o0 d0 s0 z1 a0 p1 c0]
00445dbf 50              push eax                             eax=75a64d8a ebx=00000000 ecx=00000000 edx=00000004 esi=004544e0 edi=009803d8 ebp=0012ff78 esp=0012ff28 *esp=[0012ff80 00446400] efl=00000246 [o0 d0 s0 z1 a0 p1 c0]
00445dc0 57              push edi                             eax=75a64d8a ebx=00000000 ecx=00000000 edx=00000004 esi=004544e0 edi=009803d8 ebp=0012ff78 esp=0012ff24 *esp=[75a64d8a 0012ff80] efl=00000246 [o0 d0 s0 z1 a0 p1 c0]
00445dc1 e8d27bffff      call dword 0043d998                  eax=75a64d8a ebx=00000000 ecx=00000000 edx=00000004 esi=004544e0 edi=009803d8 ebp=0012ff78 esp=0012ff20 *esp=[009803d8 75a64d8a] efl=00000246 [o0 d0 s0 z1 a0 p1 c0]
00445dc6 8bd8            mov ebx,eax                          eax=00000000 ebx=00000000 ecx=00000000 edx=00000004 esi=004544e0 edi=009803d8 ebp=0012ff78 esp=0012ff28 *esp=[0012ff80 00446400] efl=00000246 [o0 d0 s0 z1 a0 p1 c0]
00445dc8 85db            test ebx,ebx                         eax=00000000 ebx=00000000 ecx=00000000 edx=00000004 esi=004544e0 edi=009803d8 ebp=0012ff78 esp=0012ff28 *esp=[0012ff80 00446400] efl=00000246 [o0 d0 s0 z1 a0 p1 c0]
00445dca 7462            jz 00445e2e                          eax=00000000 ebx=00000000 ecx=00000000 edx=00000004 esi=004544e0 edi=009803d8 ebp=0012ff78 esp=0012ff28 *esp=[0012ff80 00446400] efl=00000246 [o0 d0 s0 z1 a0 p1 c0]
00445e2e 8b4610          mov eax,[esi+10]                     eax=00000000 ebx=00000000 ecx=00000000 edx=00000004 esi=004544e0 edi=009803d8 ebp=0012ff78 esp=0012ff28 *esp=[0012ff80 00446400] efl=00000246 [o0 d0 s0 z1 a0 p1 c0]
00445e31 85c0            test eax,eax                         eax=00000000 ebx=00000000 ecx=00000000 edx=00000004 esi=004544e0 edi=009803d8 ebp=0012ff78 esp=0012ff28 *esp=[0012ff80 00446400] efl=00000246 [o0 d0 s0 z1 a0 p1 c0]
00445e33 7417            jz 00445e4c                          eax=00000000 ebx=00000000 ecx=00000000 edx=00000004 esi=004544e0 edi=009803d8 ebp=0012ff78 esp=0012ff28 *esp=[0012ff80 00446400] efl=00000246 [o0 d0 s0 z1 a0 p1 c0]
00445e4c 8b460c          mov eax,[esi+0c]                     eax=00000000 ebx=00000000 ecx=00000000 edx=00000004 esi=004544e0 edi=009803d8 ebp=0012ff78 esp=0012ff28 *esp=[0012ff80 00446400] efl=00000246 [o0 d0 s0 z1 a0 p1 c0]
00445e4f 85c0            test eax,eax                         eax=00000000 ebx=00000000 ecx=00000000 edx=00000004 esi=004544e0 edi=009803d8 ebp=0012ff78 esp=0012ff28 *esp=[0012ff80 00446400] efl=00000246 [o0 d0 s0 z1 a0 p1 c0]
00445e51 7417            jz 00445e6a                          eax=00000000 ebx=00000000 ecx=00000000 edx=00000004 esi=004544e0 edi=009803d8 ebp=0012ff78 esp=0012ff28 *esp=[0012ff80 00446400] efl=00000246 [o0 d0 s0 z1 a0 p1 c0]
00445e6a 8b4634          mov eax,[esi+34]                     eax=00000000 ebx=00000000 ecx=00000000 edx=00000004 esi=004544e0 edi=009803d8 ebp=0012ff78 esp=0012ff28 *esp=[0012ff80 00446400] efl=00000246 [o0 d0 s0 z1 a0 p1 c0]
00445e6d 85c0            test eax,eax                         eax=00000000 ebx=00000000 ecx=00000000 edx=00000004 esi=004544e0 edi=009803d8 ebp=0012ff78 esp=0012ff28 *esp=[0012ff80 00446400] efl=00000246 [o0 d0 s0 z1 a0 p1 c0]
00445e6f 7419            jz 00445e8a                          eax=00000000 ebx=00000000 ecx=00000000 edx=00000004 esi=004544e0 edi=009803d8 ebp=0012ff78 esp=0012ff28 *esp=[0012ff80 00446400] efl=00000246 [o0 d0 s0 z1 a0 p1 c0]
00445e8a a1f8284500      mov eax,[004528f8]                   eax=00000000 ebx=00000000 ecx=00000000 edx=00000004 esi=004544e0 edi=009803d8 ebp=0012ff78 esp=0012ff28 *esp=[0012ff80 00446400] efl=00000246 [o0 d0 s0 z1 a0 p1 c0]
00445e8f c600d8          mov byte [eax],d8                    eax=00452688 ebx=00000000 ecx=00000000 edx=00000004 esi=004544e0 edi=009803d8 ebp=0012ff78 esp=0012ff28 *esp=[0012ff80 00446400] efl=00000246 [o0 d0 s0 z1 a0 p1 c0]
00445e92 837e2c00        cmp dword [esi+2c],byte +00          eax=00452688 ebx=00000000 ecx=00000000 edx=00000004 esi=004544e0 edi=009803d8 ebp=0012ff78 esp=0012ff28 *esp=[0012ff80 00446400] efl=00000246 [o0 d0 s0 z1 a0 p1 c0]
00445e96 740a            jz 00445ea2                          eax=00452688 ebx=00000000 ecx=00000000 edx=00000004 esi=004544e0 edi=009803d8 ebp=0012ff78 esp=0012ff28 *esp=[0012ff80 00446400] efl=00000246 [o0 d0 s0 z1 a0 p1 c0]
00445ea2 837e3000        cmp dword [esi+30],byte +00          eax=00452688 ebx=00000000 ecx=00000000 edx=00000004 esi=004544e0 edi=009803d8 ebp=0012ff78 esp=0012ff28 *esp=[0012ff80 00446400] efl=00000246 [o0 d0 s0 z1 a0 p1 c0]
00445ea6 740a            jz 00445eb2                          eax=00452688 ebx=00000000 ecx=00000000 edx=00000004 esi=004544e0 edi=009803d8 ebp=0012ff78 esp=0012ff28 *esp=[0012ff80 00446400] efl=00000246 [o0 d0 s0 z1 a0 p1 c0]
00445eb2 837e3400        cmp dword [esi+34],byte +00          eax=00452688 ebx=00000000 ecx=00000000 edx=00000004 esi=004544e0 edi=009803d8 ebp=0012ff78 esp=0012ff28 *esp=[0012ff80 00446400] efl=00000246 [o0 d0 s0 z1 a0 p1 c0]
00445eb6 740a            jz 00445ec2                          eax=00452688 ebx=00000000 ecx=00000000 edx=00000004 esi=004544e0 edi=009803d8 ebp=0012ff78 esp=0012ff28 *esp=[0012ff80 00446400] efl=00000246 [o0 d0 s0 z1 a0 p1 c0]
00445ec2 a1f8284500      mov eax,[004528f8]                   eax=00452688 ebx=00000000 ecx=00000000 edx=00000004 esi=004544e0 edi=009803d8 ebp=0012ff78 esp=0012ff28 *esp=[0012ff80 00446400] efl=00000246 [o0 d0 s0 z1 a0 p1 c0]
00445ec7 c600ec          mov byte [eax],ec                    eax=00452688 ebx=00000000 ecx=00000000 edx=00000004 esi=004544e0 edi=009803d8 ebp=0012ff78 esp=0012ff28 *esp=[0012ff80 00446400] efl=00000246 [o0 d0 s0 z1 a0 p1 c0]
00445eca a128294500      mov eax,[00452928]                   eax=00452688 ebx=00000000 ecx=00000000 edx=00000004 esi=004544e0 edi=009803d8 ebp=0012ff78 esp=0012ff28 *esp=[0012ff80 00446400] efl=00000246 [o0 d0 s0 z1 a0 p1 c0]
00445ecf 8b406c          mov eax,[eax+6c]                     eax=00453a98 ebx=00000000 ecx=00000000 edx=00000004 esi=004544e0 edi=009803d8 ebp=0012ff78 esp=0012ff28 *esp=[0012ff80 00446400] efl=00000246 [o0 d0 s0 z1 a0 p1 c0]
00445ed2 50              push eax                             eax=75a64d6e ebx=00000000 ecx=00000000 edx=00000004 esi=004544e0 edi=009803d8 ebp=0012ff78 esp=0012ff28 *esp=[0012ff80 00446400] efl=00000246 [o0 d0 s0 z1 a0 p1 c0]
00445ed3 57              push edi                             eax=75a64d6e ebx=00000000 ecx=00000000 edx=00000004 esi=004544e0 edi=009803d8 ebp=0012ff78 esp=0012ff24 *esp=[75a64d6e 0012ff80] efl=00000246 [o0 d0 s0 z1 a0 p1 c0]
00445ed4 e8bf7affff      call dword 0043d998                  eax=75a64d6e ebx=00000000 ecx=00000000 edx=00000004 esi=004544e0 edi=009803d8 ebp=0012ff78 esp=0012ff20 *esp=[009803d8 75a64d6e] efl=00000246 [o0 d0 s0 z1 a0 p1 c0]
00445ed9 8bd8            mov ebx,eax                          eax=00000000 ebx=00000000 ecx=00000000 edx=00000004 esi=004544e0 edi=009803d8 ebp=0012ff78 esp=0012ff28 *esp=[0012ff80 00446400] efl=00000246 [o0 d0 s0 z1 a0 p1 c0]
00445edb 85db            test ebx,ebx                         eax=00000000 ebx=00000000 ecx=00000000 edx=00000004 esi=004544e0 edi=009803d8 ebp=0012ff78 esp=0012ff28 *esp=[0012ff80 00446400] efl=00000246 [o0 d0 s0 z1 a0 p1 c0]
00445edd 0f845b010000    jz dword 0044603e                    eax=00000000 ebx=00000000 ecx=00000000 edx=00000004 esi=004544e0 edi=009803d8 ebp=0012ff78 esp=0012ff28 *esp=[0012ff80 00446400] efl=00000246 [o0 d0 s0 z1 a0 p1 c0]
0044603e a140294500      mov eax,[00452940]                   eax=00000000 ebx=00000000 ecx=00000000 edx=00000004 esi=004544e0 edi=009803d8 ebp=0012ff78 esp=0012ff28 *esp=[0012ff80 00446400] efl=00000246 [o0 d0 s0 z1 a0 p1 c0]
00446043 ba08010000      mov edx,00000108                     eax=0045451c ebx=00000000 ecx=00000000 edx=00000004 esi=004544e0 edi=009803d8 ebp=0012ff78 esp=0012ff28 *esp=[0012ff80 00446400] efl=00000246 [o0 d0 s0 z1 a0 p1 c0]
00446048 e85f6afeff      call dword 0042caac                  eax=0045451c ebx=00000000 ecx=00000000 edx=00000108 esi=004544e0 edi=009803d8 ebp=0012ff78 esp=0012ff28 *esp=[0012ff80 00446400] efl=00000246 [o0 d0 s0 z1 a0 p1 c0]
0044604d a1f8284500      mov eax,[004528f8]                   eax=00000000 ebx=00000000 ecx=00000000 edx=00000108 esi=004544e0 edi=009803d8 ebp=0012ff78 esp=0012ff28 *esp=[0012ff80 00446400] efl=00000246 [o0 d0 s0 z1 a0 p1 c0]
00446052 c600eb          mov byte [eax],eb                    eax=00452688 ebx=00000000 ecx=00000000 edx=00000108 esi=004544e0 edi=009803d8 ebp=0012ff78 esp=0012ff28 *esp=[0012ff80 00446400] efl=00000246 [o0 d0 s0 z1 a0 p1 c0]
00446055 a100284500      mov eax,[00452800]                   eax=00452688 ebx=00000000 ecx=00000000 edx=00000108 esi=004544e0 edi=009803d8 ebp=0012ff78 esp=0012ff28 *esp=[0012ff80 00446400] efl=00000246 [o0 d0 s0 z1 a0 p1 c0]
0044605a 803800          cmp byte [eax],00                    eax=0045474c ebx=00000000 ecx=00000000 edx=00000108 esi=004544e0 edi=009803d8 ebp=0012ff78 esp=0012ff28 *esp=[0012ff80 00446400] efl=00000246 [o0 d0 s0 z1 a0 p1 c0]
0044605d 0f84f7000000    jz dword 0044615a                    eax=0045474c ebx=00000000 ecx=00000000 edx=00000108 esi=004544e0 edi=009803d8 ebp=0012ff78 esp=0012ff28 *esp=[0012ff80 00446400] efl=00000246 [o0 d0 s0 z1 a0 p1 c0]
0044615a a1f8284500      mov eax,[004528f8]                   eax=0045474c ebx=00000000 ecx=00000000 edx=00000108 esi=004544e0 edi=009803d8 ebp=0012ff78 esp=0012ff28 *esp=[0012ff80 00446400] efl=00000246 [o0 d0 s0 z1 a0 p1 c0]
0044615f c600e8          mov byte [eax],e8                    eax=00452688 ebx=00000000 ecx=00000000 edx=00000108 esi=004544e0 edi=009803d8 ebp=0012ff78 esp=0012ff28 *esp=[0012ff80 00446400] efl=00000246 [o0 d0 s0 z1 a0 p1 c0]
00446162 837e0400        cmp dword [esi+04],byte +00          eax=00452688 ebx=00000000 ecx=00000000 edx=00000108 esi=004544e0 edi=009803d8 ebp=0012ff78 esp=0012ff28 *esp=[0012ff80 00446400] efl=00000246 [o0 d0 s0 z1 a0 p1 c0]
00446166 7412            jz 0044617a                          eax=00452688 ebx=00000000 ecx=00000000 edx=00000108 esi=004544e0 edi=009803d8 ebp=0012ff78 esp=0012ff28 *esp=[0012ff80 00446400] efl=00000246 [o0 d0 s0 z1 a0 p1 c0]
0044617a a128294500      mov eax,[00452928]                   eax=00452688 ebx=00000000 ecx=00000000 edx=00000108 esi=004544e0 edi=009803d8 ebp=0012ff78 esp=0012ff28 *esp=[0012ff80 00446400] efl=00000246 [o0 d0 s0 z1 a0 p1 c0]
0044617f 8b4048          mov eax,[eax+48]                     eax=00453a98 ebx=00000000 ecx=00000000 edx=00000108 esi=004544e0 edi=009803d8 ebp=0012ff78 esp=0012ff28 *esp=[0012ff80 00446400] efl=00000246 [o0 d0 s0 z1 a0 p1 c0]
00446182 50              push eax                             eax=75a64d65 ebx=00000000 ecx=00000000 edx=00000108 esi=004544e0 edi=009803d8 ebp=0012ff78 esp=0012ff28 *esp=[0012ff80 00446400] efl=00000246 [o0 d0 s0 z1 a0 p1 c0]
00446183 57              push edi                             eax=75a64d65 ebx=00000000 ecx=00000000 edx=00000108 esi=004544e0 edi=009803d8 ebp=0012ff78 esp=0012ff24 *esp=[75a64d65 0012ff80] efl=00000246 [o0 d0 s0 z1 a0 p1 c0]
00446184 e80f78ffff      call dword 0043d998                  eax=75a64d65 ebx=00000000 ecx=00000000 edx=00000108 esi=004544e0 edi=009803d8 ebp=0012ff78 esp=0012ff20 *esp=[009803d8 75a64d65] efl=00000246 [o0 d0 s0 z1 a0 p1 c0]
00446189 8bd8            mov ebx,eax                          eax=00000000 ebx=00000000 ecx=00000000 edx=00000004 esi=004544e0 edi=009803d8 ebp=0012ff78 esp=0012ff28 *esp=[0012ff80 00446400] efl=00000246 [o0 d0 s0 z1 a0 p1 c0]
0044618b 85db            test ebx,ebx                         eax=00000000 ebx=00000000 ecx=00000000 edx=00000004 esi=004544e0 edi=009803d8 ebp=0012ff78 esp=0012ff28 *esp=[0012ff80 00446400] efl=00000246 [o0 d0 s0 z1 a0 p1 c0]
0044618d 743f            jz 004461ce                          eax=00000000 ebx=00000000 ecx=00000000 edx=00000004 esi=004544e0 edi=009803d8 ebp=0012ff78 esp=0012ff28 *esp=[0012ff80 00446400] efl=00000246 [o0 d0 s0 z1 a0 p1 c0]
004461ce a1f8284500      mov eax,[004528f8]                   eax=00000000 ebx=00000000 ecx=00000000 edx=00000004 esi=004544e0 edi=009803d8 ebp=0012ff78 esp=0012ff28 *esp=[0012ff80 00446400] efl=00000246 [o0 d0 s0 z1 a0 p1 c0]
004461d3 c600e7          mov byte [eax],e7                    eax=00452688 ebx=00000000 ecx=00000000 edx=00000004 esi=004544e0 edi=009803d8 ebp=0012ff78 esp=0012ff28 *esp=[0012ff80 00446400] efl=00000246 [o0 d0 s0 z1 a0 p1 c0]
004461d6 837e1400        cmp dword [esi+14],byte +00          eax=00452688 ebx=00000000 ecx=00000000 edx=00000004 esi=004544e0 edi=009803d8 ebp=0012ff78 esp=0012ff28 *esp=[0012ff80 00446400] efl=00000246 [o0 d0 s0 z1 a0 p1 c0]
004461da 7428            jz 00446204                          eax=00452688 ebx=00000000 ecx=00000000 edx=00000004 esi=004544e0 edi=009803d8 ebp=0012ff78 esp=0012ff28 *esp=[0012ff80 00446400] efl=00000246 [o0 d0 s0 z1 a0 p1 c0]
00446204 a1f8284500      mov eax,[004528f8]                   eax=00452688 ebx=00000000 ecx=00000000 edx=00000004 esi=004544e0 edi=009803d8 ebp=0012ff78 esp=0012ff28 *esp=[0012ff80 00446400] efl=00000246 [o0 d0 s0 z1 a0 p1 c0]
00446209 c600e6          mov byte [eax],e6                    eax=00452688 ebx=00000000 ecx=00000000 edx=00000004 esi=004544e0 edi=009803d8 ebp=0012ff78 esp=0012ff28 *esp=[0012ff80 00446400] efl=00000246 [o0 d0 s0 z1 a0 p1 c0]
0044620c 837e1800        cmp dword [esi+18],byte +00          eax=00452688 ebx=00000000 ecx=00000000 edx=00000004 esi=004544e0 edi=009803d8 ebp=0012ff78 esp=0012ff28 *esp=[0012ff80 00446400] efl=00000246 [o0 d0 s0 z1 a0 p1 c0]
00446210 7419            jz 0044622b                          eax=00452688 ebx=00000000 ecx=00000000 edx=00000004 esi=004544e0 edi=009803d8 ebp=0012ff78 esp=0012ff28 *esp=[0012ff80 00446400] efl=00000246 [o0 d0 s0 z1 a0 p1 c0]
0044622b 837e1c00        cmp dword [esi+1c],byte +00          eax=00452688 ebx=00000000 ecx=00000000 edx=00000004 esi=004544e0 edi=009803d8 ebp=0012ff78 esp=0012ff28 *esp=[0012ff80 00446400] efl=00000246 [o0 d0 s0 z1 a0 p1 c0]
0044622f 7428            jz 00446259                          eax=00452688 ebx=00000000 ecx=00000000 edx=00000004 esi=004544e0 edi=009803d8 ebp=0012ff78 esp=0012ff28 *esp=[0012ff80 00446400] efl=00000246 [o0 d0 s0 z1 a0 p1 c0]
00446259 a1f8284500      mov eax,[004528f8]                   eax=00452688 ebx=00000000 ecx=00000000 edx=00000004 esi=004544e0 edi=009803d8 ebp=0012ff78 esp=0012ff28 *esp=[0012ff80 00446400] efl=00000246 [o0 d0 s0 z1 a0 p1 c0]
0044625e c600e9          mov byte [eax],e9                    eax=00452688 ebx=00000000 ecx=00000000 edx=00000004 esi=004544e0 edi=009803d8 ebp=0012ff78 esp=0012ff28 *esp=[0012ff80 00446400] efl=00000246 [o0 d0 s0 z1 a0 p1 c0]
00446261 a1a0284500      mov eax,[004528a0]                   eax=00452688 ebx=00000000 ecx=00000000 edx=00000004 esi=004544e0 edi=009803d8 ebp=0012ff78 esp=0012ff28 *esp=[0012ff80 00446400] efl=00000246 [o0 d0 s0 z1 a0 p1 c0]
00446266 80783000        cmp byte [eax+30],00                 eax=00454780 ebx=00000000 ecx=00000000 edx=00000004 esi=004544e0 edi=009803d8 ebp=0012ff78 esp=0012ff28 *esp=[0012ff80 00446400] efl=00000246 [o0 d0 s0 z1 a0 p1 c0]
0044626a 750b            jnz 00446277                         eax=00454780 ebx=00000000 ecx=00000000 edx=00000004 esi=004544e0 edi=009803d8 ebp=0012ff78 esp=0012ff28 *esp=[0012ff80 00446400] efl=00000246 [o0 d0 s0 z1 a0 p1 c0]
0044626c a1a0284500      mov eax,[004528a0]                   eax=00454780 ebx=00000000 ecx=00000000 edx=00000004 esi=004544e0 edi=009803d8 ebp=0012ff78 esp=0012ff28 *esp=[0012ff80 00446400] efl=00000246 [o0 d0 s0 z1 a0 p1 c0]
00446271 80783100        cmp byte [eax+31],00                 eax=00454780 ebx=00000000 ecx=00000000 edx=00000004 esi=004544e0 edi=009803d8 ebp=0012ff78 esp=0012ff28 *esp=[0012ff80 00446400] efl=00000246 [o0 d0 s0 z1 a0 p1 c0]
00446275 7423            jz 0044629a                          eax=00454780 ebx=00000000 ecx=00000000 edx=00000004 esi=004544e0 edi=009803d8 ebp=0012ff78 esp=0012ff28 *esp=[0012ff80 00446400] efl=00000246 [o0 d0 s0 z1 a0 p1 c0]
0044629a 837e2800        cmp dword [esi+28],byte +00          eax=00454780 ebx=00000000 ecx=00000000 edx=00000004 esi=004544e0 edi=009803d8 ebp=0012ff78 esp=0012ff28 *esp=[0012ff80 00446400] efl=00000246 [o0 d0 s0 z1 a0 p1 c0]
0044629e 7409            jz 004462a9                          eax=00454780 ebx=00000000 ecx=00000000 edx=00000004 esi=004544e0 edi=009803d8 ebp=0012ff78 esp=0012ff28 *esp=[0012ff80 00446400] efl=00000246 [o0 d0 s0 z1 a0 p1 c0]
004462a9 837e0800        cmp dword [esi+08],byte +00          eax=00454780 ebx=00000000 ecx=00000000 edx=00000004 esi=004544e0 edi=009803d8 ebp=0012ff78 esp=0012ff28 *esp=[0012ff80 00446400] efl=00000246 [o0 d0 s0 z1 a0 p1 c0]
004462ad 7423            jz 004462d2                          eax=00454780 ebx=00000000 ecx=00000000 edx=00000004 esi=004544e0 edi=009803d8 ebp=0012ff78 esp=0012ff28 *esp=[0012ff80 00446400] efl=00000246 [o0 d0 s0 z1 a0 p1 c0]
004462d2 33c9            xor ecx,ecx                          eax=00454780 ebx=00000000 ecx=00000000 edx=00000004 esi=004544e0 edi=009803d8 ebp=0012ff78 esp=0012ff28 *esp=[0012ff80 00446400] efl=00000246 [o0 d0 s0 z1 a0 p1 c0]
004462d4 ba18644400      mov edx,00446418                     eax=00454780 ebx=00000000 ecx=00000000 edx=00000004 esi=004544e0 edi=009803d8 ebp=0012ff78 esp=0012ff28 *esp=[0012ff80 00446400] efl=00000246 [o0 d0 s0 z1 a0 p1 c0]
004462d9 b800000080      mov eax,80000000                     eax=00454780 ebx=00000000 ecx=00000000 edx=00446418 esi=004544e0 edi=009803d8 ebp=0012ff78 esp=0012ff28 *esp=[0012ff80 00446400] efl=00000246 [o0 d0 s0 z1 a0 p1 c0]
004462de e8d1b2feff      call dword 004315b4                  eax=80000000 ebx=00000000 ecx=00000000 edx=00446418 esi=004544e0 edi=009803d8 ebp=0012ff78 esp=0012ff28 *esp=[0012ff80 00446400] efl=00000246 [o0 d0 s0 z1 a0 p1 c0]
004462e3 6828644400      push dword 00446428                  eax=00000000 ebx=00000000 ecx=0012fec4 edx=7c90e514 esi=004544e0 edi=009803d8 ebp=0012ff78 esp=0012ff28 *esp=[0012ff80 00446400] efl=00000246 [o0 d0 s0 z1 a0 p1 c0]
004462e8 33c9            xor ecx,ecx                          eax=00000000 ebx=00000000 ecx=0012fec4 edx=7c90e514 esi=004544e0 edi=009803d8 ebp=0012ff78 esp=0012ff24 *esp=[00446428 0012ff80] efl=00000246 [o0 d0 s0 z1 a0 p1 c0]
004462ea ba18644400      mov edx,00446418                     eax=00000000 ebx=00000000 ecx=00000000 edx=7c90e514 esi=004544e0 edi=009803d8 ebp=0012ff78 esp=0012ff24 *esp=[00446428 0012ff80] efl=00000246 [o0 d0 s0 z1 a0 p1 c0]
004462ef b800000080      mov eax,80000000                     eax=00000000 ebx=00000000 ecx=00000000 edx=00446418 esi=004544e0 edi=009803d8 ebp=0012ff78 esp=0012ff24 *esp=[00446428 0012ff80] efl=00000246 [o0 d0 s0 z1 a0 p1 c0]
004462f4 e8ebb2feff      call dword 004315e4                  eax=80000000 ebx=00000000 ecx=00000000 edx=00446418 esi=004544e0 edi=009803d8 ebp=0012ff78 esp=0012ff24 *esp=[00446428 0012ff80] efl=00000246 [o0 d0 s0 z1 a0 p1 c0]
004462f9 8d45d5          lea eax,[ebp-2b]                     eax=00000000 ebx=00000000 ecx=0012fedc edx=7c90e514 esi=004544e0 edi=009803d8 ebp=0012ff78 esp=0012ff28 *esp=[0012ff80 00446400] efl=00000246 [o0 d0 s0 z1 a0 p1 c0]
004462fc ba24000000      mov edx,00000024                     eax=0012ff4d ebx=00000000 ecx=0012fedc edx=7c90e514 esi=004544e0 edi=009803d8 ebp=0012ff78 esp=0012ff28 *esp=[0012ff80 00446400] efl=00000246 [o0 d0 s0 z1 a0 p1 c0]
00446301 e8a667feff      call dword 0042caac                  eax=0012ff4d ebx=00000000 ecx=0012fedc edx=00000024 esi=004544e0 edi=009803d8 ebp=0012ff78 esp=0012ff28 *esp=[0012ff80 00446400] efl=00000246 [o0 d0 s0 z1 a0 p1 c0]
00446306 a128294500      mov eax,[00452928]                   eax=00000000 ebx=00000000 ecx=00000000 edx=00000024 esi=004544e0 edi=009803d8 ebp=0012ff78 esp=0012ff28 *esp=[0012ff80 00446400] efl=00000246 [o0 d0 s0 z1 a0 p1 c0]
0044630b 8b402c          mov eax,[eax+2c]                     eax=00453a98 ebx=00000000 ecx=00000000 edx=00000024 esi=004544e0 edi=009803d8 ebp=0012ff78 esp=0012ff28 *esp=[0012ff80 00446400] efl=00000246 [o0 d0 s0 z1 a0 p1 c0]
0044630e 50              push eax                             eax=75a64d5e ebx=00000000 ecx=00000000 edx=00000024 esi=004544e0 edi=009803d8 ebp=0012ff78 esp=0012ff28 *esp=[0012ff80 00446400] efl=00000246 [o0 d0 s0 z1 a0 p1 c0]
0044630f 57              push edi                             eax=75a64d5e ebx=00000000 ecx=00000000 edx=00000024 esi=004544e0 edi=009803d8 ebp=0012ff78 esp=0012ff24 *esp=[75a64d5e 0012ff80] efl=00000246 [o0 d0 s0 z1 a0 p1 c0]
00446310 e88376ffff      call dword 0043d998                  eax=75a64d5e ebx=00000000 ecx=00000000 edx=00000024 esi=004544e0 edi=009803d8 ebp=0012ff78 esp=0012ff20 *esp=[009803d8 75a64d5e] efl=00000246 [o0 d0 s0 z1 a0 p1 c0]
00446315 8bd8            mov ebx,eax                          eax=00000000 ebx=00000000 ecx=00000000 edx=00000004 esi=004544e0 edi=009803d8 ebp=0012ff78 esp=0012ff28 *esp=[0012ff80 00446400] efl=00000246 [o0 d0 s0 z1 a0 p1 c0]
00446317 85db            test ebx,ebx                         eax=00000000 ebx=00000000 ecx=00000000 edx=00000004 esi=004544e0 edi=009803d8 ebp=0012ff78 esp=0012ff28 *esp=[0012ff80 00446400] efl=00000246 [o0 d0 s0 z1 a0 p1 c0]
00446319 7406            jz 00446321                          eax=00000000 ebx=00000000 ecx=00000000 edx=00000004 esi=004544e0 edi=009803d8 ebp=0012ff78 esp=0012ff28 *esp=[0012ff80 00446400] efl=00000246 [o0 d0 s0 z1 a0 p1 c0]
00446321 a128294500      mov eax,[00452928]                   eax=00000000 ebx=00000000 ecx=00000000 edx=00000004 esi=004544e0 edi=009803d8 ebp=0012ff78 esp=0012ff28 *esp=[0012ff80 00446400] efl=00000246 [o0 d0 s0 z1 a0 p1 c0]
00446326 8b4034          mov eax,[eax+34]                     eax=00453a98 ebx=00000000 ecx=00000000 edx=00000004 esi=004544e0 edi=009803d8 ebp=0012ff78 esp=0012ff28 *esp=[0012ff80 00446400] efl=00000246 [o0 d0 s0 z1 a0 p1 c0]
00446329 50              push eax                             eax=75a64d60 ebx=00000000 ecx=00000000 edx=00000004 esi=004544e0 edi=009803d8 ebp=0012ff78 esp=0012ff28 *esp=[0012ff80 00446400] efl=00000246 [o0 d0 s0 z1 a0 p1 c0]
0044632a 57              push edi                             eax=75a64d60 ebx=00000000 ecx=00000000 edx=00000004 esi=004544e0 edi=009803d8 ebp=0012ff78 esp=0012ff24 *esp=[75a64d60 0012ff80] efl=00000246 [o0 d0 s0 z1 a0 p1 c0]
0044632b e86876ffff      call dword 0043d998                  eax=75a64d60 ebx=00000000 ecx=00000000 edx=00000004 esi=004544e0 edi=009803d8 ebp=0012ff78 esp=0012ff20 *esp=[009803d8 75a64d60] efl=00000246 [o0 d0 s0 z1 a0 p1 c0]
00446330 8bd8            mov ebx,eax                          eax=00000000 ebx=00000000 ecx=00000000 edx=00000004 esi=004544e0 edi=009803d8 ebp=0012ff78 esp=0012ff28 *esp=[0012ff80 00446400] efl=00000246 [o0 d0 s0 z1 a0 p1 c0]
00446332 85db            test ebx,ebx                         eax=00000000 ebx=00000000 ecx=00000000 edx=00000004 esi=004544e0 edi=009803d8 ebp=0012ff78 esp=0012ff28 *esp=[0012ff80 00446400] efl=00000246 [o0 d0 s0 z1 a0 p1 c0]
00446334 7406            jz 0044633c                          eax=00000000 ebx=00000000 ecx=00000000 edx=00000004 esi=004544e0 edi=009803d8 ebp=0012ff78 esp=0012ff28 *esp=[0012ff80 00446400] efl=00000246 [o0 d0 s0 z1 a0 p1 c0]
0044633c a128294500      mov eax,[00452928]                   eax=00000000 ebx=00000000 ecx=00000000 edx=00000004 esi=004544e0 edi=009803d8 ebp=0012ff78 esp=0012ff28 *esp=[0012ff80 00446400] efl=00000246 [o0 d0 s0 z1 a0 p1 c0]
00446341 8b4038          mov eax,[eax+38]                     eax=00453a98 ebx=00000000 ecx=00000000 edx=00000004 esi=004544e0 edi=009803d8 ebp=0012ff78 esp=0012ff28 *esp=[0012ff80 00446400] efl=00000246 [o0 d0 s0 z1 a0 p1 c0]
00446344 50              push eax                             eax=75a64d61 ebx=00000000 ecx=00000000 edx=00000004 esi=004544e0 edi=009803d8 ebp=0012ff78 esp=0012ff28 *esp=[0012ff80 00446400] efl=00000246 [o0 d0 s0 z1 a0 p1 c0]
00446345 57              push edi                             eax=75a64d61 ebx=00000000 ecx=00000000 edx=00000004 esi=004544e0 edi=009803d8 ebp=0012ff78 esp=0012ff24 *esp=[75a64d61 0012ff80] efl=00000246 [o0 d0 s0 z1 a0 p1 c0]
00446346 e84d76ffff      call dword 0043d998                  eax=75a64d61 ebx=00000000 ecx=00000000 edx=00000004 esi=004544e0 edi=009803d8 ebp=0012ff78 esp=0012ff20 *esp=[009803d8 75a64d61] efl=00000246 [o0 d0 s0 z1 a0 p1 c0]
0044634b 8bd8            mov ebx,eax                          eax=00000000 ebx=00000000 ecx=00000000 edx=00000004 esi=004544e0 edi=009803d8 ebp=0012ff78 esp=0012ff28 *esp=[0012ff80 00446400] efl=00000246 [o0 d0 s0 z1 a0 p1 c0]
0044634d 85db            test ebx,ebx                         eax=00000000 ebx=00000000 ecx=00000000 edx=00000004 esi=004544e0 edi=009803d8 ebp=0012ff78 esp=0012ff28 *esp=[0012ff80 00446400] efl=00000246 [o0 d0 s0 z1 a0 p1 c0]
0044634f 7406            jz 00446357                          eax=00000000 ebx=00000000 ecx=00000000 edx=00000004 esi=004544e0 edi=009803d8 ebp=0012ff78 esp=0012ff28 *esp=[0012ff80 00446400] efl=00000246 [o0 d0 s0 z1 a0 p1 c0]
00446357 a128294500      mov eax,[00452928]                   eax=00000000 ebx=00000000 ecx=00000000 edx=00000004 esi=004544e0 edi=009803d8 ebp=0012ff78 esp=0012ff28 *esp=[0012ff80 00446400] efl=00000246 [o0 d0 s0 z1 a0 p1 c0]
0044635c 8b403c          mov eax,[eax+3c]                     eax=00453a98 ebx=00000000 ecx=00000000 edx=00000004 esi=004544e0 edi=009803d8 ebp=0012ff78 esp=0012ff28 *esp=[0012ff80 00446400] efl=00000246 [o0 d0 s0 z1 a0 p1 c0]
0044635f 50              push eax                             eax=75a64d62 ebx=00000000 ecx=00000000 edx=00000004 esi=004544e0 edi=009803d8 ebp=0012ff78 esp=0012ff28 *esp=[0012ff80 00446400] efl=00000246 [o0 d0 s0 z1 a0 p1 c0]
00446360 57              push edi                             eax=75a64d62 ebx=00000000 ecx=00000000 edx=00000004 esi=004544e0 edi=009803d8 ebp=0012ff78 esp=0012ff24 *esp=[75a64d62 0012ff80] efl=00000246 [o0 d0 s0 z1 a0 p1 c0]
00446361 e83276ffff      call dword 0043d998                  eax=75a64d62 ebx=00000000 ecx=00000000 edx=00000004 esi=004544e0 edi=009803d8 ebp=0012ff78 esp=0012ff20 *esp=[009803d8 75a64d62] efl=00000246 [o0 d0 s0 z1 a0 p1 c0]
00446366 8bd8            mov ebx,eax                          eax=00000000 ebx=00000000 ecx=00000000 edx=00000004 esi=004544e0 edi=009803d8 ebp=0012ff78 esp=0012ff28 *esp=[0012ff80 00446400] efl=00000246 [o0 d0 s0 z1 a0 p1 c0]
00446368 85db            test ebx,ebx                         eax=00000000 ebx=00000000 ecx=00000000 edx=00000004 esi=004544e0 edi=009803d8 ebp=0012ff78 esp=0012ff28 *esp=[0012ff80 00446400] efl=00000246 [o0 d0 s0 z1 a0 p1 c0]
0044636a 7406            jz 00446372                          eax=00000000 ebx=00000000 ecx=00000000 edx=00000004 esi=004544e0 edi=009803d8 ebp=0012ff78 esp=0012ff28 *esp=[0012ff80 00446400] efl=00000246 [o0 d0 s0 z1 a0 p1 c0]
00446372 a128294500      mov eax,[00452928]                   eax=00000000 ebx=00000000 ecx=00000000 edx=00000004 esi=004544e0 edi=009803d8 ebp=0012ff78 esp=0012ff28 *esp=[0012ff80 00446400] efl=00000246 [o0 d0 s0 z1 a0 p1 c0]
00446377 8b4044          mov eax,[eax+44]                     eax=00453a98 ebx=00000000 ecx=00000000 edx=00000004 esi=004544e0 edi=009803d8 ebp=0012ff78 esp=0012ff28 *esp=[0012ff80 00446400] efl=00000246 [o0 d0 s0 z1 a0 p1 c0]
0044637a 50              push eax                             eax=75a64d64 ebx=00000000 ecx=00000000 edx=00000004 esi=004544e0 edi=009803d8 ebp=0012ff78 esp=0012ff28 *esp=[0012ff80 00446400] efl=00000246 [o0 d0 s0 z1 a0 p1 c0]
0044637b 57              push edi                             eax=75a64d64 ebx=00000000 ecx=00000000 edx=00000004 esi=004544e0 edi=009803d8 ebp=0012ff78 esp=0012ff24 *esp=[75a64d64 0012ff80] efl=00000246 [o0 d0 s0 z1 a0 p1 c0]
0044637c e81776ffff      call dword 0043d998                  eax=75a64d64 ebx=00000000 ecx=00000000 edx=00000004 esi=004544e0 edi=009803d8 ebp=0012ff78 esp=0012ff20 *esp=[009803d8 75a64d64] efl=00000246 [o0 d0 s0 z1 a0 p1 c0]
00446381 8bd8            mov ebx,eax                          eax=00000000 ebx=00000000 ecx=00000000 edx=00000004 esi=004544e0 edi=009803d8 ebp=0012ff78 esp=0012ff28 *esp=[0012ff80 00446400] efl=00000246 [o0 d0 s0 z1 a0 p1 c0]
00446383 85db            test ebx,ebx                         eax=00000000 ebx=00000000 ecx=00000000 edx=00000004 esi=004544e0 edi=009803d8 ebp=0012ff78 esp=0012ff28 *esp=[0012ff80 00446400] efl=00000246 [o0 d0 s0 z1 a0 p1 c0]
00446385 7406            jz 0044638d                          eax=00000000 ebx=00000000 ecx=00000000 edx=00000004 esi=004544e0 edi=009803d8 ebp=0012ff78 esp=0012ff28 *esp=[0012ff80 00446400] efl=00000246 [o0 d0 s0 z1 a0 p1 c0]
0044638d a128294500      mov eax,[00452928]                   eax=00000000 ebx=00000000 ecx=00000000 edx=00000004 esi=004544e0 edi=009803d8 ebp=0012ff78 esp=0012ff28 *esp=[0012ff80 00446400] efl=00000246 [o0 d0 s0 z1 a0 p1 c0]
00446392 8b4050          mov eax,[eax+50]                     eax=00453a98 ebx=00000000 ecx=00000000 edx=00000004 esi=004544e0 edi=009803d8 ebp=0012ff78 esp=0012ff28 *esp=[0012ff80 00446400] efl=00000246 [o0 d0 s0 z1 a0 p1 c0]
00446395 50              push eax                             eax=75a64d67 ebx=00000000 ecx=00000000 edx=00000004 esi=004544e0 edi=009803d8 ebp=0012ff78 esp=0012ff28 *esp=[0012ff80 00446400] efl=00000246 [o0 d0 s0 z1 a0 p1 c0]
00446396 57              push edi                             eax=75a64d67 ebx=00000000 ecx=00000000 edx=00000004 esi=004544e0 edi=009803d8 ebp=0012ff78 esp=0012ff24 *esp=[75a64d67 0012ff80] efl=00000246 [o0 d0 s0 z1 a0 p1 c0]
00446397 e8fc75ffff      call dword 0043d998                  eax=75a64d67 ebx=00000000 ecx=00000000 edx=00000004 esi=004544e0 edi=009803d8 ebp=0012ff78 esp=0012ff20 *esp=[009803d8 75a64d67] efl=00000246 [o0 d0 s0 z1 a0 p1 c0]
0044639c 8bd8            mov ebx,eax                          eax=00000000 ebx=00000000 ecx=00000000 edx=00000004 esi=004544e0 edi=009803d8 ebp=0012ff78 esp=0012ff28 *esp=[0012ff80 00446400] efl=00000246 [o0 d0 s0 z1 a0 p1 c0]
0044639e 85db            test ebx,ebx                         eax=00000000 ebx=00000000 ecx=00000000 edx=00000004 esi=004544e0 edi=009803d8 ebp=0012ff78 esp=0012ff28 *esp=[0012ff80 00446400] efl=00000246 [o0 d0 s0 z1 a0 p1 c0]
004463a0 7413            jz 004463b5                          eax=00000000 ebx=00000000 ecx=00000000 edx=00000004 esi=004544e0 edi=009803d8 ebp=0012ff78 esp=0012ff28 *esp=[0012ff80 00446400] efl=00000246 [o0 d0 s0 z1 a0 p1 c0]
004463b5 807df900        cmp byte [ebp-07],00                 eax=00000000 ebx=00000000 ecx=00000000 edx=00000004 esi=004544e0 edi=009803d8 ebp=0012ff78 esp=0012ff28 *esp=[0012ff80 00446400] efl=00000246 [o0 d0 s0 z1 a0 p1 c0]
004463b9 7407            jz 004463c2                          eax=00000000 ebx=00000000 ecx=00000000 edx=00000004 esi=004544e0 edi=009803d8 ebp=0012ff78 esp=0012ff28 *esp=[0012ff80 00446400] efl=00000246 [o0 d0 s0 z1 a0 p1 c0]
004463c2 33db            xor ebx,ebx                          eax=00000000 ebx=00000000 ecx=00000000 edx=00000004 esi=004544e0 edi=009803d8 ebp=0012ff78 esp=0012ff28 *esp=[0012ff80 00446400] efl=00000246 [o0 d0 s0 z1 a0 p1 c0]
004463c4 8d049e          lea eax,[esi+ebx*4]                  eax=00000000 ebx=00000000 ecx=00000000 edx=00000004 esi=004544e0 edi=009803d8 ebp=0012ff78 esp=0012ff28 *esp=[0012ff80 00446400] efl=00000246 [o0 d0 s0 z1 a0 p1 c0]
004463c7 8d5634          lea edx,[esi+34]                     eax=004544e0 ebx=00000000 ecx=00000000 edx=00000004 esi=004544e0 edi=009803d8 ebp=0012ff78 esp=0012ff28 *esp=[0012ff80 00446400] efl=00000246 [o0 d0 s0 z1 a0 p1 c0]
004463ca 3bc2            cmp eax,edx                          eax=004544e0 ebx=00000000 ecx=00000000 edx=00454514 esi=004544e0 edi=009803d8 ebp=0012ff78 esp=0012ff28 *esp=[0012ff80 00446400] efl=00000246 [o0 d0 s0 z1 a0 p1 c0]
004463cc 7405            jz 004463d3                          eax=004544e0 ebx=00000000 ecx=00000000 edx=00454514 esi=004544e0 edi=009803d8 ebp=0012ff78 esp=0012ff28 *esp=[0012ff80 00446400] efl=00000287 [o0 d0 s1 z0 a0 p1 c1]
004463ce 33c0            xor eax,eax                          eax=004544e0 ebx=00000000 ecx=00000000 edx=00454514 esi=004544e0 edi=009803d8 ebp=0012ff78 esp=0012ff28 *esp=[0012ff80 00446400] efl=00000287 [o0 d0 s1 z0 a0 p1 c1]
004463d0 89049e          mov [esi+ebx*4],eax                  eax=00000000 ebx=00000000 ecx=00000000 edx=00454514 esi=004544e0 edi=009803d8 ebp=0012ff78 esp=0012ff28 *esp=[0012ff80 00446400] efl=00000246 [o0 d0 s0 z1 a0 p1 c0]
004463d3 43              inc ebx                              eax=00000000 ebx=00000000 ecx=00000000 edx=00454514 esi=004544e0 edi=009803d8 ebp=0012ff78 esp=0012ff28 *esp=[0012ff80 00446400] efl=00000246 [o0 d0 s0 z1 a0 p1 c0]
004463d4 83fb0f          cmp ebx,byte +0f                     eax=00000000 ebx=00000001 ecx=00000000 edx=00454514 esi=004544e0 edi=009803d8 ebp=0012ff78 esp=0012ff28 *esp=[0012ff80 00446400] efl=00000202 [o0 d0 s0 z0 a0 p0 c0]
004463d7 75eb            jnz 004463c4                         eax=00000000 ebx=00000001 ecx=00000000 edx=00454514 esi=004544e0 edi=009803d8 ebp=0012ff78 esp=0012ff28 *esp=[0012ff80 00446400] efl=00000283 [o0 d0 s1 z0 a0 p0 c1]
004463c4 8d049e          lea eax,[esi+ebx*4]                  eax=00000000 ebx=00000001 ecx=00000000 edx=00454514 esi=004544e0 edi=009803d8 ebp=0012ff78 esp=0012ff28 *esp=[0012ff80 00446400] efl=00000283 [o0 d0 s1 z0 a0 p0 c1]
004463c7 8d5634          lea edx,[esi+34]                     eax=004544e4 ebx=00000001 ecx=00000000 edx=00454514 esi=004544e0 edi=009803d8 ebp=0012ff78 esp=0012ff28 *esp=[0012ff80 00446400] efl=00000283 [o0 d0 s1 z0 a0 p0 c1]
004463ca 3bc2            cmp eax,edx                          eax=004544e4 ebx=00000001 ecx=00000000 edx=00454514 esi=004544e0 edi=009803d8 ebp=0012ff78 esp=0012ff28 *esp=[0012ff80 00446400] efl=00000283 [o0 d0 s1 z0 a0 p0 c1]
004463cc 7405            jz 004463d3                          eax=004544e4 ebx=00000001 ecx=00000000 edx=00454514 esi=004544e0 edi=009803d8 ebp=0012ff78 esp=0012ff28 *esp=[0012ff80 00446400] efl=00000283 [o0 d0 s1 z0 a0 p0 c1]
004463ce 33c0            xor eax,eax                          eax=004544e4 ebx=00000001 ecx=00000000 edx=00454514 esi=004544e0 edi=009803d8 ebp=0012ff78 esp=0012ff28 *esp=[0012ff80 00446400] efl=00000283 [o0 d0 s1 z0 a0 p0 c1]
004463d0 89049e          mov [esi+ebx*4],eax                  eax=00000000 ebx=00000001 ecx=00000000 edx=00454514 esi=004544e0 edi=009803d8 ebp=0012ff78 esp=0012ff28 *esp=[0012ff80 00446400] efl=00000246 [o0 d0 s0 z1 a0 p1 c0]
004463d3 43              inc ebx                              eax=00000000 ebx=00000001 ecx=00000000 edx=00454514 esi=004544e0 edi=009803d8 ebp=0012ff78 esp=0012ff28 *esp=[0012ff80 00446400] efl=00000246 [o0 d0 s0 z1 a0 p1 c0]
004463d4 83fb0f          cmp ebx,byte +0f                     eax=00000000 ebx=00000002 ecx=00000000 edx=00454514 esi=004544e0 edi=009803d8 ebp=0012ff78 esp=0012ff28 *esp=[0012ff80 00446400] efl=00000202 [o0 d0 s0 z0 a0 p0 c0]
004463d7 75eb            jnz 004463c4                         eax=00000000 ebx=00000002 ecx=00000000 edx=00454514 esi=004544e0 edi=009803d8 ebp=0012ff78 esp=0012ff28 *esp=[0012ff80 00446400] efl=00000287 [o0 d0 s1 z0 a0 p1 c1]
004463c4 8d049e          lea eax,[esi+ebx*4]                  eax=00000000 ebx=00000002 ecx=00000000 edx=00454514 esi=004544e0 edi=009803d8 ebp=0012ff78 esp=0012ff28 *esp=[0012ff80 00446400] efl=00000287 [o0 d0 s1 z0 a0 p1 c1]
004463c7 8d5634          lea edx,[esi+34]                     eax=004544e8 ebx=00000002 ecx=00000000 edx=00454514 esi=004544e0 edi=009803d8 ebp=0012ff78 esp=0012ff28 *esp=[0012ff80 00446400] efl=00000287 [o0 d0 s1 z0 a0 p1 c1]
004463ca 3bc2            cmp eax,edx                          eax=004544e8 ebx=00000002 ecx=00000000 edx=00454514 esi=004544e0 edi=009803d8 ebp=0012ff78 esp=0012ff28 *esp=[0012ff80 00446400] efl=00000287 [o0 d0 s1 z0 a0 p1 c1]
004463cc 7405            jz 004463d3                          eax=004544e8 ebx=00000002 ecx=00000000 edx=00454514 esi=004544e0 edi=009803d8 ebp=0012ff78 esp=0012ff28 *esp=[0012ff80 00446400] efl=00000287 [o0 d0 s1 z0 a0 p1 c1]
004463ce 33c0            xor eax,eax                          eax=004544e8 ebx=00000002 ecx=00000000 edx=00454514 esi=004544e0 edi=009803d8 ebp=0012ff78 esp=0012ff28 *esp=[0012ff80 00446400] efl=00000287 [o0 d0 s1 z0 a0 p1 c1]
004463d0 89049e          mov [esi+ebx*4],eax                  eax=00000000 ebx=00000002 ecx=00000000 edx=00454514 esi=004544e0 edi=009803d8 ebp=0012ff78 esp=0012ff28 *esp=[0012ff80 00446400] efl=00000246 [o0 d0 s0 z1 a0 p1 c0]
004463d3 43              inc ebx                              eax=00000000 ebx=00000002 ecx=00000000 edx=00454514 esi=004544e0 edi=009803d8 ebp=0012ff78 esp=0012ff28 *esp=[0012ff80 00446400] efl=00000246 [o0 d0 s0 z1 a0 p1 c0]
004463d4 83fb0f          cmp ebx,byte +0f                     eax=00000000 ebx=00000003 ecx=00000000 edx=00454514 esi=004544e0 edi=009803d8 ebp=0012ff78 esp=0012ff28 *esp=[0012ff80 00446400] efl=00000206 [o0 d0 s0 z0 a0 p1 c0]
004463d7 75eb            jnz 004463c4                         eax=00000000 ebx=00000003 ecx=00000000 edx=00454514 esi=004544e0 edi=009803d8 ebp=0012ff78 esp=0012ff28 *esp=[0012ff80 00446400] efl=00000283 [o0 d0 s1 z0 a0 p0 c1]
004463c4 8d049e          lea eax,[esi+ebx*4]                  eax=00000000 ebx=00000003 ecx=00000000 edx=00454514 esi=004544e0 edi=009803d8 ebp=0012ff78 esp=0012ff28 *esp=[0012ff80 00446400] efl=00000283 [o0 d0 s1 z0 a0 p0 c1]
004463c7 8d5634          lea edx,[esi+34]                     eax=004544ec ebx=00000003 ecx=00000000 edx=00454514 esi=004544e0 edi=009803d8 ebp=0012ff78 esp=0012ff28 *esp=[0012ff80 00446400] efl=00000283 [o0 d0 s1 z0 a0 p0 c1]
004463ca 3bc2            cmp eax,edx                          eax=004544ec ebx=00000003 ecx=00000000 edx=00454514 esi=004544e0 edi=009803d8 ebp=0012ff78 esp=0012ff28 *esp=[0012ff80 00446400] efl=00000283 [o0 d0 s1 z0 a0 p0 c1]
004463cc 7405            jz 004463d3                          eax=004544ec ebx=00000003 ecx=00000000 edx=00454514 esi=004544e0 edi=009803d8 ebp=0012ff78 esp=0012ff28 *esp=[0012ff80 00446400] efl=00000287 [o0 d0 s1 z0 a0 p1 c1]
004463ce 33c0            xor eax,eax                          eax=004544ec ebx=00000003 ecx=00000000 edx=00454514 esi=004544e0 edi=009803d8 ebp=0012ff78 esp=0012ff28 *esp=[0012ff80 00446400] efl=00000287 [o0 d0 s1 z0 a0 p1 c1]
004463d0 89049e          mov [esi+ebx*4],eax                  eax=00000000 ebx=00000003 ecx=00000000 edx=00454514 esi=004544e0 edi=009803d8 ebp=0012ff78 esp=0012ff28 *esp=[0012ff80 00446400] efl=00000246 [o0 d0 s0 z1 a0 p1 c0]
004463d3 43              inc ebx                              eax=00000000 ebx=00000003 ecx=00000000 edx=00454514 esi=004544e0 edi=009803d8 ebp=0012ff78 esp=0012ff28 *esp=[0012ff80 00446400] efl=00000246 [o0 d0 s0 z1 a0 p1 c0]
004463d4 83fb0f          cmp ebx,byte +0f                     eax=00000000 ebx=00000004 ecx=00000000 edx=00454514 esi=004544e0 edi=009803d8 ebp=0012ff78 esp=0012ff28 *esp=[0012ff80 00446400] efl=00000202 [o0 d0 s0 z0 a0 p0 c0]
004463d7 75eb            jnz 004463c4                         eax=00000000 ebx=00000004 ecx=00000000 edx=00454514 esi=004544e0 edi=009803d8 ebp=0012ff78 esp=0012ff28 *esp=[0012ff80 00446400] efl=00000287 [o0 d0 s1 z0 a0 p1 c1]
004463c4 8d049e          lea eax,[esi+ebx*4]                  eax=00000000 ebx=00000004 ecx=00000000 edx=00454514 esi=004544e0 edi=009803d8 ebp=0012ff78 esp=0012ff28 *esp=[0012ff80 00446400] efl=00000287 [o0 d0 s1 z0 a0 p1 c1]
004463c7 8d5634          lea edx,[esi+34]                     eax=004544f0 ebx=00000004 ecx=00000000 edx=00454514 esi=004544e0 edi=009803d8 ebp=0012ff78 esp=0012ff28 *esp=[0012ff80 00446400] efl=00000287 [o0 d0 s1 z0 a0 p1 c1]
004463ca 3bc2            cmp eax,edx                          eax=004544f0 ebx=00000004 ecx=00000000 edx=00454514 esi=004544e0 edi=009803d8 ebp=0012ff78 esp=0012ff28 *esp=[0012ff80 00446400] efl=00000287 [o0 d0 s1 z0 a0 p1 c1]
004463cc 7405            jz 004463d3                          eax=004544f0 ebx=00000004 ecx=00000000 edx=00454514 esi=004544e0 edi=009803d8 ebp=0012ff78 esp=0012ff28 *esp=[0012ff80 00446400] efl=00000283 [o0 d0 s1 z0 a0 p0 c1]
004463ce 33c0            xor eax,eax                          eax=004544f0 ebx=00000004 ecx=00000000 edx=00454514 esi=004544e0 edi=009803d8 ebp=0012ff78 esp=0012ff28 *esp=[0012ff80 00446400] efl=00000283 [o0 d0 s1 z0 a0 p0 c1]
004463d0 89049e          mov [esi+ebx*4],eax                  eax=00000000 ebx=00000004 ecx=00000000 edx=00454514 esi=004544e0 edi=009803d8 ebp=0012ff78 esp=0012ff28 *esp=[0012ff80 00446400] efl=00000246 [o0 d0 s0 z1 a0 p1 c0]
004463d3 43              inc ebx                              eax=00000000 ebx=00000004 ecx=00000000 edx=00454514 esi=004544e0 edi=009803d8 ebp=0012ff78 esp=0012ff28 *esp=[0012ff80 00446400] efl=00000246 [o0 d0 s0 z1 a0 p1 c0]
004463d4 83fb0f          cmp ebx,byte +0f                     eax=00000000 ebx=00000005 ecx=00000000 edx=00454514 esi=004544e0 edi=009803d8 ebp=0012ff78 esp=0012ff28 *esp=[0012ff80 00446400] efl=00000206 [o0 d0 s0 z0 a0 p1 c0]
004463d7 75eb            jnz 004463c4                         eax=00000000 ebx=00000005 ecx=00000000 edx=00454514 esi=004544e0 edi=009803d8 ebp=0012ff78 esp=0012ff28 *esp=[0012ff80 00446400] efl=00000287 [o0 d0 s1 z0 a0 p1 c1]
004463c4 8d049e          lea eax,[esi+ebx*4]                  eax=00000000 ebx=00000005 ecx=00000000 edx=00454514 esi=004544e0 edi=009803d8 ebp=0012ff78 esp=0012ff28 *esp=[0012ff80 00446400] efl=00000287 [o0 d0 s1 z0 a0 p1 c1]
004463c7 8d5634          lea edx,[esi+34]                     eax=004544f4 ebx=00000005 ecx=00000000 edx=00454514 esi=004544e0 edi=009803d8 ebp=0012ff78 esp=0012ff28 *esp=[0012ff80 00446400] efl=00000287 [o0 d0 s1 z0 a0 p1 c1]
004463ca 3bc2            cmp eax,edx                          eax=004544f4 ebx=00000005 ecx=00000000 edx=00454514 esi=004544e0 edi=009803d8 ebp=0012ff78 esp=0012ff28 *esp=[0012ff80 00446400] efl=00000287 [o0 d0 s1 z0 a0 p1 c1]
004463cc 7405            jz 004463d3                          eax=004544f4 ebx=00000005 ecx=00000000 edx=00454514 esi=004544e0 edi=009803d8 ebp=0012ff78 esp=0012ff28 *esp=[0012ff80 00446400] efl=00000283 [o0 d0 s1 z0 a0 p0 c1]
004463ce 33c0            xor eax,eax                          eax=004544f4 ebx=00000005 ecx=00000000 edx=00454514 esi=004544e0 edi=009803d8 ebp=0012ff78 esp=0012ff28 *esp=[0012ff80 00446400] efl=00000283 [o0 d0 s1 z0 a0 p0 c1]
004463d0 89049e          mov [esi+ebx*4],eax                  eax=00000000 ebx=00000005 ecx=00000000 edx=00454514 esi=004544e0 edi=009803d8 ebp=0012ff78 esp=0012ff28 *esp=[0012ff80 00446400] efl=00000246 [o0 d0 s0 z1 a0 p1 c0]
004463d3 43              inc ebx                              eax=00000000 ebx=00000005 ecx=00000000 edx=00454514 esi=004544e0 edi=009803d8 ebp=0012ff78 esp=0012ff28 *esp=[0012ff80 00446400] efl=00000246 [o0 d0 s0 z1 a0 p1 c0]
004463d4 83fb0f          cmp ebx,byte +0f                     eax=00000000 ebx=00000006 ecx=00000000 edx=00454514 esi=004544e0 edi=009803d8 ebp=0012ff78 esp=0012ff28 *esp=[0012ff80 00446400] efl=00000206 [o0 d0 s0 z0 a0 p1 c0]
004463d7 75eb            jnz 004463c4                         eax=00000000 ebx=00000006 ecx=00000000 edx=00454514 esi=004544e0 edi=009803d8 ebp=0012ff78 esp=0012ff28 *esp=[0012ff80 00446400] efl=00000283 [o0 d0 s1 z0 a0 p0 c1]
004463c4 8d049e          lea eax,[esi+ebx*4]                  eax=00000000 ebx=00000006 ecx=00000000 edx=00454514 esi=004544e0 edi=009803d8 ebp=0012ff78 esp=0012ff28 *esp=[0012ff80 00446400] efl=00000283 [o0 d0 s1 z0 a0 p0 c1]
004463c7 8d5634          lea edx,[esi+34]                     eax=004544f8 ebx=00000006 ecx=00000000 edx=00454514 esi=004544e0 edi=009803d8 ebp=0012ff78 esp=0012ff28 *esp=[0012ff80 00446400] efl=00000283 [o0 d0 s1 z0 a0 p0 c1]
004463ca 3bc2            cmp eax,edx                          eax=004544f8 ebx=00000006 ecx=00000000 edx=00454514 esi=004544e0 edi=009803d8 ebp=0012ff78 esp=0012ff28 *esp=[0012ff80 00446400] efl=00000283 [o0 d0 s1 z0 a0 p0 c1]
004463cc 7405            jz 004463d3                          eax=004544f8 ebx=00000006 ecx=00000000 edx=00454514 esi=004544e0 edi=009803d8 ebp=0012ff78 esp=0012ff28 *esp=[0012ff80 00446400] efl=00000287 [o0 d0 s1 z0 a0 p1 c1]
004463ce 33c0            xor eax,eax                          eax=004544f8 ebx=00000006 ecx=00000000 edx=00454514 esi=004544e0 edi=009803d8 ebp=0012ff78 esp=0012ff28 *esp=[0012ff80 00446400] efl=00000287 [o0 d0 s1 z0 a0 p1 c1]
004463d0 89049e          mov [esi+ebx*4],eax                  eax=00000000 ebx=00000006 ecx=00000000 edx=00454514 esi=004544e0 edi=009803d8 ebp=0012ff78 esp=0012ff28 *esp=[0012ff80 00446400] efl=00000246 [o0 d0 s0 z1 a0 p1 c0]
004463d3 43              inc ebx                              eax=00000000 ebx=00000006 ecx=00000000 edx=00454514 esi=004544e0 edi=009803d8 ebp=0012ff78 esp=0012ff28 *esp=[0012ff80 00446400] efl=00000246 [o0 d0 s0 z1 a0 p1 c0]
004463d4 83fb0f          cmp ebx,byte +0f                     eax=00000000 ebx=00000007 ecx=00000000 edx=00454514 esi=004544e0 edi=009803d8 ebp=0012ff78 esp=0012ff28 *esp=[0012ff80 00446400] efl=00000202 [o0 d0 s0 z0 a0 p0 c0]
004463d7 75eb            jnz 004463c4                         eax=00000000 ebx=00000007 ecx=00000000 edx=00454514 esi=004544e0 edi=009803d8 ebp=0012ff78 esp=0012ff28 *esp=[0012ff80 00446400] efl=00000283 [o0 d0 s1 z0 a0 p0 c1]
004463c4 8d049e          lea eax,[esi+ebx*4]                  eax=00000000 ebx=00000007 ecx=00000000 edx=00454514 esi=004544e0 edi=009803d8 ebp=0012ff78 esp=0012ff28 *esp=[0012ff80 00446400] efl=00000283 [o0 d0 s1 z0 a0 p0 c1]
004463c7 8d5634          lea edx,[esi+34]                     eax=004544fc ebx=00000007 ecx=00000000 edx=00454514 esi=004544e0 edi=009803d8 ebp=0012ff78 esp=0012ff28 *esp=[0012ff80 00446400] efl=00000283 [o0 d0 s1 z0 a0 p0 c1]
004463ca 3bc2            cmp eax,edx                          eax=004544fc ebx=00000007 ecx=00000000 edx=00454514 esi=004544e0 edi=009803d8 ebp=0012ff78 esp=0012ff28 *esp=[0012ff80 00446400] efl=00000283 [o0 d0 s1 z0 a0 p0 c1]
004463cc 7405            jz 004463d3                          eax=004544fc ebx=00000007 ecx=00000000 edx=00454514 esi=004544e0 edi=009803d8 ebp=0012ff78 esp=0012ff28 *esp=[0012ff80 00446400] efl=00000287 [o0 d0 s1 z0 a0 p1 c1]
004463ce 33c0            xor eax,eax                          eax=004544fc ebx=00000007 ecx=00000000 edx=00454514 esi=004544e0 edi=009803d8 ebp=0012ff78 esp=0012ff28 *esp=[0012ff80 00446400] efl=00000287 [o0 d0 s1 z0 a0 p1 c1]
004463d0 89049e          mov [esi+ebx*4],eax                  eax=00000000 ebx=00000007 ecx=00000000 edx=00454514 esi=004544e0 edi=009803d8 ebp=0012ff78 esp=0012ff28 *esp=[0012ff80 00446400] efl=00000246 [o0 d0 s0 z1 a0 p1 c0]
004463d3 43              inc ebx                              eax=00000000 ebx=00000007 ecx=00000000 edx=00454514 esi=004544e0 edi=009803d8 ebp=0012ff78 esp=0012ff28 *esp=[0012ff80 00446400] efl=00000246 [o0 d0 s0 z1 a0 p1 c0]
004463d4 83fb0f          cmp ebx,byte +0f                     eax=00000000 ebx=00000008 ecx=00000000 edx=00454514 esi=004544e0 edi=009803d8 ebp=0012ff78 esp=0012ff28 *esp=[0012ff80 00446400] efl=00000202 [o0 d0 s0 z0 a0 p0 c0]
004463d7 75eb            jnz 004463c4                         eax=00000000 ebx=00000008 ecx=00000000 edx=00454514 esi=004544e0 edi=009803d8 ebp=0012ff78 esp=0012ff28 *esp=[0012ff80 00446400] efl=00000287 [o0 d0 s1 z0 a0 p1 c1]
004463c4 8d049e          lea eax,[esi+ebx*4]                  eax=00000000 ebx=00000008 ecx=00000000 edx=00454514 esi=004544e0 edi=009803d8 ebp=0012ff78 esp=0012ff28 *esp=[0012ff80 00446400] efl=00000287 [o0 d0 s1 z0 a0 p1 c1]
004463c7 8d5634          lea edx,[esi+34]                     eax=00454500 ebx=00000008 ecx=00000000 edx=00454514 esi=004544e0 edi=009803d8 ebp=0012ff78 esp=0012ff28 *esp=[0012ff80 00446400] efl=00000287 [o0 d0 s1 z0 a0 p1 c1]
004463ca 3bc2            cmp eax,edx                          eax=00454500 ebx=00000008 ecx=00000000 edx=00454514 esi=004544e0 edi=009803d8 ebp=0012ff78 esp=0012ff28 *esp=[0012ff80 00446400] efl=00000287 [o0 d0 s1 z0 a0 p1 c1]
004463cc 7405            jz 004463d3                          eax=00454500 ebx=00000008 ecx=00000000 edx=00454514 esi=004544e0 edi=009803d8 ebp=0012ff78 esp=0012ff28 *esp=[0012ff80 00446400] efl=00000283 [o0 d0 s1 z0 a0 p0 c1]
004463ce 33c0            xor eax,eax                          eax=00454500 ebx=00000008 ecx=00000000 edx=00454514 esi=004544e0 edi=009803d8 ebp=0012ff78 esp=0012ff28 *esp=[0012ff80 00446400] efl=00000283 [o0 d0 s1 z0 a0 p0 c1]
004463d0 89049e          mov [esi+ebx*4],eax                  eax=00000000 ebx=00000008 ecx=00000000 edx=00454514 esi=004544e0 edi=009803d8 ebp=0012ff78 esp=0012ff28 *esp=[0012ff80 00446400] efl=00000246 [o0 d0 s0 z1 a0 p1 c0]
004463d3 43              inc ebx                              eax=00000000 ebx=00000008 ecx=00000000 edx=00454514 esi=004544e0 edi=009803d8 ebp=0012ff78 esp=0012ff28 *esp=[0012ff80 00446400] efl=00000246 [o0 d0 s0 z1 a0 p1 c0]
004463d4 83fb0f          cmp ebx,byte +0f                     eax=00000000 ebx=00000009 ecx=00000000 edx=00454514 esi=004544e0 edi=009803d8 ebp=0012ff78 esp=0012ff28 *esp=[0012ff80 00446400] efl=00000206 [o0 d0 s0 z0 a0 p1 c0]
004463d7 75eb            jnz 004463c4                         eax=00000000 ebx=00000009 ecx=00000000 edx=00454514 esi=004544e0 edi=009803d8 ebp=0012ff78 esp=0012ff28 *esp=[0012ff80 00446400] efl=00000287 [o0 d0 s1 z0 a0 p1 c1]
004463c4 8d049e          lea eax,[esi+ebx*4]                  eax=00000000 ebx=00000009 ecx=00000000 edx=00454514 esi=004544e0 edi=009803d8 ebp=0012ff78 esp=0012ff28 *esp=[0012ff80 00446400] efl=00000287 [o0 d0 s1 z0 a0 p1 c1]
004463c7 8d5634          lea edx,[esi+34]                     eax=00454504 ebx=00000009 ecx=00000000 edx=00454514 esi=004544e0 edi=009803d8 ebp=0012ff78 esp=0012ff28 *esp=[0012ff80 00446400] efl=00000287 [o0 d0 s1 z0 a0 p1 c1]
004463ca 3bc2            cmp eax,edx                          eax=00454504 ebx=00000009 ecx=00000000 edx=00454514 esi=004544e0 edi=009803d8 ebp=0012ff78 esp=0012ff28 *esp=[0012ff80 00446400] efl=00000287 [o0 d0 s1 z0 a0 p1 c1]
004463cc 7405            jz 004463d3                          eax=00454504 ebx=00000009 ecx=00000000 edx=00454514 esi=004544e0 edi=009803d8 ebp=0012ff78 esp=0012ff28 *esp=[0012ff80 00446400] efl=00000287 [o0 d0 s1 z0 a0 p1 c1]
004463ce 33c0            xor eax,eax                          eax=00454504 ebx=00000009 ecx=00000000 edx=00454514 esi=004544e0 edi=009803d8 ebp=0012ff78 esp=0012ff28 *esp=[0012ff80 00446400] efl=00000287 [o0 d0 s1 z0 a0 p1 c1]
004463d0 89049e          mov [esi+ebx*4],eax                  eax=00000000 ebx=00000009 ecx=00000000 edx=00454514 esi=004544e0 edi=009803d8 ebp=0012ff78 esp=0012ff28 *esp=[0012ff80 00446400] efl=00000246 [o0 d0 s0 z1 a0 p1 c0]
004463d3 43              inc ebx                              eax=00000000 ebx=00000009 ecx=00000000 edx=00454514 esi=004544e0 edi=009803d8 ebp=0012ff78 esp=0012ff28 *esp=[0012ff80 00446400] efl=00000246 [o0 d0 s0 z1 a0 p1 c0]
004463d4 83fb0f          cmp ebx,byte +0f                     eax=00000000 ebx=0000000a ecx=00000000 edx=00454514 esi=004544e0 edi=009803d8 ebp=0012ff78 esp=0012ff28 *esp=[0012ff80 00446400] efl=00000206 [o0 d0 s0 z0 a0 p1 c0]
004463d7 75eb            jnz 004463c4                         eax=00000000 ebx=0000000a ecx=00000000 edx=00454514 esi=004544e0 edi=009803d8 ebp=0012ff78 esp=0012ff28 *esp=[0012ff80 00446400] efl=00000283 [o0 d0 s1 z0 a0 p0 c1]
004463c4 8d049e          lea eax,[esi+ebx*4]                  eax=00000000 ebx=0000000a ecx=00000000 edx=00454514 esi=004544e0 edi=009803d8 ebp=0012ff78 esp=0012ff28 *esp=[0012ff80 00446400] efl=00000283 [o0 d0 s1 z0 a0 p0 c1]
004463c7 8d5634          lea edx,[esi+34]                     eax=00454508 ebx=0000000a ecx=00000000 edx=00454514 esi=004544e0 edi=009803d8 ebp=0012ff78 esp=0012ff28 *esp=[0012ff80 00446400] efl=00000283 [o0 d0 s1 z0 a0 p0 c1]
004463ca 3bc2            cmp eax,edx                          eax=00454508 ebx=0000000a ecx=00000000 edx=00454514 esi=004544e0 edi=009803d8 ebp=0012ff78 esp=0012ff28 *esp=[0012ff80 00446400] efl=00000283 [o0 d0 s1 z0 a0 p0 c1]
004463cc 7405            jz 004463d3                          eax=00454508 ebx=0000000a ecx=00000000 edx=00454514 esi=004544e0 edi=009803d8 ebp=0012ff78 esp=0012ff28 *esp=[0012ff80 00446400] efl=00000283 [o0 d0 s1 z0 a0 p0 c1]
004463ce 33c0            xor eax,eax                          eax=00454508 ebx=0000000a ecx=00000000 edx=00454514 esi=004544e0 edi=009803d8 ebp=0012ff78 esp=0012ff28 *esp=[0012ff80 00446400] efl=00000283 [o0 d0 s1 z0 a0 p0 c1]
004463d0 89049e          mov [esi+ebx*4],eax                  eax=00000000 ebx=0000000a ecx=00000000 edx=00454514 esi=004544e0 edi=009803d8 ebp=0012ff78 esp=0012ff28 *esp=[0012ff80 00446400] efl=00000246 [o0 d0 s0 z1 a0 p1 c0]
004463d3 43              inc ebx                              eax=00000000 ebx=0000000a ecx=00000000 edx=00454514 esi=004544e0 edi=009803d8 ebp=0012ff78 esp=0012ff28 *esp=[0012ff80 00446400] efl=00000246 [o0 d0 s0 z1 a0 p1 c0]
004463d4 83fb0f          cmp ebx,byte +0f                     eax=00000000 ebx=0000000b ecx=00000000 edx=00454514 esi=004544e0 edi=009803d8 ebp=0012ff78 esp=0012ff28 *esp=[0012ff80 00446400] efl=00000202 [o0 d0 s0 z0 a0 p0 c0]
004463d7 75eb            jnz 004463c4                         eax=00000000 ebx=0000000b ecx=00000000 edx=00454514 esi=004544e0 edi=009803d8 ebp=0012ff78 esp=0012ff28 *esp=[0012ff80 00446400] efl=00000287 [o0 d0 s1 z0 a0 p1 c1]
004463c4 8d049e          lea eax,[esi+ebx*4]                  eax=00000000 ebx=0000000b ecx=00000000 edx=00454514 esi=004544e0 edi=009803d8 ebp=0012ff78 esp=0012ff28 *esp=[0012ff80 00446400] efl=00000287 [o0 d0 s1 z0 a0 p1 c1]
004463c7 8d5634          lea edx,[esi+34]                     eax=0045450c ebx=0000000b ecx=00000000 edx=00454514 esi=004544e0 edi=009803d8 ebp=0012ff78 esp=0012ff28 *esp=[0012ff80 00446400] efl=00000287 [o0 d0 s1 z0 a0 p1 c1]
004463ca 3bc2            cmp eax,edx                          eax=0045450c ebx=0000000b ecx=00000000 edx=00454514 esi=004544e0 edi=009803d8 ebp=0012ff78 esp=0012ff28 *esp=[0012ff80 00446400] efl=00000287 [o0 d0 s1 z0 a0 p1 c1]
004463cc 7405            jz 004463d3                          eax=0045450c ebx=0000000b ecx=00000000 edx=00454514 esi=004544e0 edi=009803d8 ebp=0012ff78 esp=0012ff28 *esp=[0012ff80 00446400] efl=00000283 [o0 d0 s1 z0 a0 p0 c1]
004463ce 33c0            xor eax,eax                          eax=0045450c ebx=0000000b ecx=00000000 edx=00454514 esi=004544e0 edi=009803d8 ebp=0012ff78 esp=0012ff28 *esp=[0012ff80 00446400] efl=00000283 [o0 d0 s1 z0 a0 p0 c1]
004463d0 89049e          mov [esi+ebx*4],eax                  eax=00000000 ebx=0000000b ecx=00000000 edx=00454514 esi=004544e0 edi=009803d8 ebp=0012ff78 esp=0012ff28 *esp=[0012ff80 00446400] efl=00000246 [o0 d0 s0 z1 a0 p1 c0]
004463d3 43              inc ebx                              eax=00000000 ebx=0000000b ecx=00000000 edx=00454514 esi=004544e0 edi=009803d8 ebp=0012ff78 esp=0012ff28 *esp=[0012ff80 00446400] efl=00000246 [o0 d0 s0 z1 a0 p1 c0]
004463d4 83fb0f          cmp ebx,byte +0f                     eax=00000000 ebx=0000000c ecx=00000000 edx=00454514 esi=004544e0 edi=009803d8 ebp=0012ff78 esp=0012ff28 *esp=[0012ff80 00446400] efl=00000206 [o0 d0 s0 z0 a0 p1 c0]
004463d7 75eb            jnz 004463c4                         eax=00000000 ebx=0000000c ecx=00000000 edx=00454514 esi=004544e0 edi=009803d8 ebp=0012ff78 esp=0012ff28 *esp=[0012ff80 00446400] efl=00000283 [o0 d0 s1 z0 a0 p0 c1]
004463c4 8d049e          lea eax,[esi+ebx*4]                  eax=00000000 ebx=0000000c ecx=00000000 edx=00454514 esi=004544e0 edi=009803d8 ebp=0012ff78 esp=0012ff28 *esp=[0012ff80 00446400] efl=00000283 [o0 d0 s1 z0 a0 p0 c1]
004463c7 8d5634          lea edx,[esi+34]                     eax=00454510 ebx=0000000c ecx=00000000 edx=00454514 esi=004544e0 edi=009803d8 ebp=0012ff78 esp=0012ff28 *esp=[0012ff80 00446400] efl=00000283 [o0 d0 s1 z0 a0 p0 c1]
004463ca 3bc2            cmp eax,edx                          eax=00454510 ebx=0000000c ecx=00000000 edx=00454514 esi=004544e0 edi=009803d8 ebp=0012ff78 esp=0012ff28 *esp=[0012ff80 00446400] efl=00000283 [o0 d0 s1 z0 a0 p0 c1]
004463cc 7405            jz 004463d3                          eax=00454510 ebx=0000000c ecx=00000000 edx=00454514 esi=004544e0 edi=009803d8 ebp=0012ff78 esp=0012ff28 *esp=[0012ff80 00446400] efl=00000287 [o0 d0 s1 z0 a0 p1 c1]
004463ce 33c0            xor eax,eax                          eax=00454510 ebx=0000000c ecx=00000000 edx=00454514 esi=004544e0 edi=009803d8 ebp=0012ff78 esp=0012ff28 *esp=[0012ff80 00446400] efl=00000287 [o0 d0 s1 z0 a0 p1 c1]
004463d0 89049e          mov [esi+ebx*4],eax                  eax=00000000 ebx=0000000c ecx=00000000 edx=00454514 esi=004544e0 edi=009803d8 ebp=0012ff78 esp=0012ff28 *esp=[0012ff80 00446400] efl=00000246 [o0 d0 s0 z1 a0 p1 c0]
004463d3 43              inc ebx                              eax=00000000 ebx=0000000c ecx=00000000 edx=00454514 esi=004544e0 edi=009803d8 ebp=0012ff78 esp=0012ff28 *esp=[0012ff80 00446400] efl=00000246 [o0 d0 s0 z1 a0 p1 c0]
004463d4 83fb0f          cmp ebx,byte +0f                     eax=00000000 ebx=0000000d ecx=00000000 edx=00454514 esi=004544e0 edi=009803d8 ebp=0012ff78 esp=0012ff28 *esp=[0012ff80 00446400] efl=00000202 [o0 d0 s0 z0 a0 p0 c0]
004463d7 75eb            jnz 004463c4                         eax=00000000 ebx=0000000d ecx=00000000 edx=00454514 esi=004544e0 edi=009803d8 ebp=0012ff78 esp=0012ff28 *esp=[0012ff80 00446400] efl=00000283 [o0 d0 s1 z0 a0 p0 c1]
004463c4 8d049e          lea eax,[esi+ebx*4]                  eax=00000000 ebx=0000000d ecx=00000000 edx=00454514 esi=004544e0 edi=009803d8 ebp=0012ff78 esp=0012ff28 *esp=[0012ff80 00446400] efl=00000283 [o0 d0 s1 z0 a0 p0 c1]
004463c7 8d5634          lea edx,[esi+34]                     eax=00454514 ebx=0000000d ecx=00000000 edx=00454514 esi=004544e0 edi=009803d8 ebp=0012ff78 esp=0012ff28 *esp=[0012ff80 00446400] efl=00000283 [o0 d0 s1 z0 a0 p0 c1]
004463ca 3bc2            cmp eax,edx                          eax=00454514 ebx=0000000d ecx=00000000 edx=00454514 esi=004544e0 edi=009803d8 ebp=0012ff78 esp=0012ff28 *esp=[0012ff80 00446400] efl=00000283 [o0 d0 s1 z0 a0 p0 c1]
004463cc 7405            jz 004463d3                          eax=00454514 ebx=0000000d ecx=00000000 edx=00454514 esi=004544e0 edi=009803d8 ebp=0012ff78 esp=0012ff28 *esp=[0012ff80 00446400] efl=00000246 [o0 d0 s0 z1 a0 p1 c0]
004463d3 43              inc ebx                              eax=00454514 ebx=0000000d ecx=00000000 edx=00454514 esi=004544e0 edi=009803d8 ebp=0012ff78 esp=0012ff28 *esp=[0012ff80 00446400] efl=00000246 [o0 d0 s0 z1 a0 p1 c0]
004463d4 83fb0f          cmp ebx,byte +0f                     eax=00454514 ebx=0000000e ecx=00000000 edx=00454514 esi=004544e0 edi=009803d8 ebp=0012ff78 esp=0012ff28 *esp=[0012ff80 00446400] efl=00000202 [o0 d0 s0 z0 a0 p0 c0]
004463d7 75eb            jnz 004463c4                         eax=00454514 ebx=0000000e ecx=00000000 edx=00454514 esi=004544e0 edi=009803d8 ebp=0012ff78 esp=0012ff28 *esp=[0012ff80 00446400] efl=00000287 [o0 d0 s1 z0 a0 p1 c1]
004463c4 8d049e          lea eax,[esi+ebx*4]                  eax=00454514 ebx=0000000e ecx=00000000 edx=00454514 esi=004544e0 edi=009803d8 ebp=0012ff78 esp=0012ff28 *esp=[0012ff80 00446400] efl=00000287 [o0 d0 s1 z0 a0 p1 c1]
004463c7 8d5634          lea edx,[esi+34]                     eax=00454518 ebx=0000000e ecx=00000000 edx=00454514 esi=004544e0 edi=009803d8 ebp=0012ff78 esp=0012ff28 *esp=[0012ff80 00446400] efl=00000287 [o0 d0 s1 z0 a0 p1 c1]
004463ca 3bc2            cmp eax,edx                          eax=00454518 ebx=0000000e ecx=00000000 edx=00454514 esi=004544e0 edi=009803d8 ebp=0012ff78 esp=0012ff28 *esp=[0012ff80 00446400] efl=00000287 [o0 d0 s1 z0 a0 p1 c1]
004463cc 7405            jz 004463d3                          eax=00454518 ebx=0000000e ecx=00000000 edx=00454514 esi=004544e0 edi=009803d8 ebp=0012ff78 esp=0012ff28 *esp=[0012ff80 00446400] efl=00000202 [o0 d0 s0 z0 a0 p0 c0]
004463ce 33c0            xor eax,eax                          eax=00454518 ebx=0000000e ecx=00000000 edx=00454514 esi=004544e0 edi=009803d8 ebp=0012ff78 esp=0012ff28 *esp=[0012ff80 00446400] efl=00000202 [o0 d0 s0 z0 a0 p0 c0]
004463d0 89049e          mov [esi+ebx*4],eax                  eax=00000000 ebx=0000000e ecx=00000000 edx=00454514 esi=004544e0 edi=009803d8 ebp=0012ff78 esp=0012ff28 *esp=[0012ff80 00446400] efl=00000246 [o0 d0 s0 z1 a0 p1 c0]
004463d3 43              inc ebx                              eax=00000000 ebx=0000000e ecx=00000000 edx=00454514 esi=004544e0 edi=009803d8 ebp=0012ff78 esp=0012ff28 *esp=[0012ff80 00446400] efl=00000246 [o0 d0 s0 z1 a0 p1 c0]
004463d4 83fb0f          cmp ebx,byte +0f                     eax=00000000 ebx=0000000f ecx=00000000 edx=00454514 esi=004544e0 edi=009803d8 ebp=0012ff78 esp=0012ff28 *esp=[0012ff80 00446400] efl=00000206 [o0 d0 s0 z0 a0 p1 c0]
004463d7 75eb            jnz 004463c4                         eax=00000000 ebx=0000000f ecx=00000000 edx=00454514 esi=004544e0 edi=009803d8 ebp=0012ff78 esp=0012ff28 *esp=[0012ff80 00446400] efl=00000246 [o0 d0 s0 z1 a0 p1 c0]
004463d9 8bc7            mov eax,edi                          eax=00000000 ebx=0000000f ecx=00000000 edx=00454514 esi=004544e0 edi=009803d8 ebp=0012ff78 esp=0012ff28 *esp=[0012ff80 00446400] efl=00000246 [o0 d0 s0 z1 a0 p1 c0]
004463db e81038feff      call dword 00429bf0                  eax=009803d8 ebx=0000000f ecx=00000000 edx=00454514 esi=004544e0 edi=009803d8 ebp=0012ff78 esp=0012ff28 *esp=[0012ff80 00446400] efl=00000246 [o0 d0 s0 z1 a0 p1 c0]
004463e0 e897c9ffff      call dword 00442d7c                  eax=00000000 ebx=0000000f ecx=00000000 edx=0012ff28 esi=004544e0 edi=009803d8 ebp=0012ff78 esp=0012ff28 *esp=[0012ff80 00446400] efl=00000246 [o0 d0 s0 z1 a0 p1 c0]
004463e5 33c0            xor eax,eax                          eax=00991128 ebx=0000000f ecx=00991128 edx=0000000a esi=004544e0 edi=009803d8 ebp=0012ff78 esp=0012ff28 *esp=[0012ff80 00446400] efl=00000246 [o0 d0 s0 z1 a0 p1 c0]
004463e7 5a              pop edx                              eax=00000000 ebx=0000000f ecx=00991128 edx=0000000a esi=004544e0 edi=009803d8 ebp=0012ff78 esp=0012ff28 *esp=[0012ff80 00446400] efl=00000246 [o0 d0 s0 z1 a0 p1 c0]
004463e8 59              pop ecx                              eax=00000000 ebx=0000000f ecx=00991128 edx=0012ff80 esi=004544e0 edi=009803d8 ebp=0012ff78 esp=0012ff2c *esp=[00446400 0012ff78] efl=00000246 [o0 d0 s0 z1 a0 p1 c0]
004463e9 59              pop ecx                              eax=00000000 ebx=0000000f ecx=00446400 edx=0012ff80 esi=004544e0 edi=009803d8 ebp=0012ff78 esp=0012ff30 *esp=[0012ff78 00427000] efl=00000246 [o0 d0 s0 z1 a0 p1 c0]
004463ea 648910          mov [fs:eax],edx                     eax=00000000 ebx=0000000f ecx=0012ff78 edx=0012ff80 esi=004544e0 edi=009803d8 ebp=0012ff78 esp=0012ff34 *esp=[00427000 00940000] efl=00000246 [o0 d0 s0 z1 a0 p1 c0]
004463ed 6807644400      push dword 00446407                  eax=00000000 ebx=0000000f ecx=0012ff78 edx=0012ff80 esi=004544e0 edi=009803d8 ebp=0012ff78 esp=0012ff34 *esp=[00427000 00940000] efl=00000246 [o0 d0 s0 z1 a0 p1 c0]
004463f2 8d45c8          lea eax,[ebp-38]                     eax=00000000 ebx=0000000f ecx=0012ff78 edx=0012ff80 esi=004544e0 edi=009803d8 ebp=0012ff78 esp=0012ff30 *esp=[00446407 00427000] efl=00000246 [o0 d0 s0 z1 a0 p1 c0]
004463f5 ba03000000      mov edx,00000003                     eax=0012ff40 ebx=0000000f ecx=0012ff78 edx=0012ff80 esi=004544e0 edi=009803d8 ebp=0012ff78 esp=0012ff30 *esp=[00446407 00427000] efl=00000246 [o0 d0 s0 z1 a0 p1 c0]
004463fa e8f942feff      call dword 0042a6f8                  eax=0012ff40 ebx=0000000f ecx=0012ff78 edx=00000003 esi=004544e0 edi=009803d8 ebp=0012ff78 esp=0012ff30 *esp=[00446407 00427000] efl=00000246 [o0 d0 s0 z1 a0 p1 c0]
004463ff c3              ret                                  eax=0012ff40 ebx=0000000f ecx=00000001 edx=009a0adc esi=004544e0 edi=009803d8 ebp=0012ff78 esp=0012ff30 *esp=[00446407 00427000] efl=00000246 [o0 d0 s0 z1 a0 p1 c0]
00446407 5f              pop edi                              eax=0012ff40 ebx=0000000f ecx=00000001 edx=009a0adc esi=004544e0 edi=009803d8 ebp=0012ff78 esp=0012ff34 *esp=[00427000 00940000] efl=00000246 [o0 d0 s0 z1 a0 p1 c0]
00446408 5e              pop esi                              eax=0012ff40 ebx=0000000f ecx=00000001 edx=009a0adc esi=004544e0 edi=00427000 ebp=0012ff78 esp=0012ff38 *esp=[00940000 00445744] efl=00000246 [o0 d0 s0 z1 a0 p1 c0]
00446409 5b              pop ebx                              eax=0012ff40 ebx=0000000f ecx=00000001 edx=009a0adc esi=00940000 edi=00427000 ebp=0012ff78 esp=0012ff3c *esp=[00445744 00000000] efl=00000246 [o0 d0 s0 z1 a0 p1 c0]
0044640a 8be5            mov esp,ebp                          eax=0012ff40 ebx=00445744 ecx=00000001 edx=009a0adc esi=00940000 edi=00427000 ebp=0012ff78 esp=0012ff40 *esp=[00000000 00000000] efl=00000246 [o0 d0 s0 z1 a0 p1 c0]
0044640c 5d              pop ebp                              eax=0012ff40 ebx=00445744 ecx=00000001 edx=009a0adc esi=00940000 edi=00427000 ebp=0012ff78 esp=0012ff78 *esp=[0012ff98 004338dc] efl=00000246 [o0 d0 s0 z1 a0 p1 c0]
0044640d c3              ret                                  eax=0012ff40 ebx=00445744 ecx=00000001 edx=009a0adc esi=00940000 edi=00427000 ebp=0012ff98 esp=0012ff7c *esp=[004338dc 0012ffe0] efl=00000246 [o0 d0 s0 z1 a0 p1 c0]
